This file contains any messages produced by compilers while
running configure, to aid debugging if configure makes a mistake.

It was created by GNU coreutils configure 9.5, which was
generated by GNU Autoconf 2.72c.32-cb6fb.  Invocation command line was

  $ ./configure --prefix=/data/data/com.termux/files/home/Oalie

## --------- ##
## Platform. ##
## --------- ##

hostname = localhost
uname -m = aarch64
uname -r = 4.19.127-gdc08847-dirty
uname -s = Linux
uname -v = #1 SMP PREEMPT Thu Mar 27 17:20:09 CST 2025

/usr/bin/uname -p = unknown
/bin/uname -X     = unknown

/bin/arch              = unknown
/usr/bin/arch -k       = unknown
/usr/convex/getsysinfo = unknown
/usr/bin/hostinfo      = unknown
/bin/machine           = unknown
/usr/bin/oslevel       = unknown
/bin/universe          = unknown

PATH: /data/data/com.termux/files/usr/bin/


## ----------- ##
## Core tests. ##
## ----------- ##

configure:5498: looking for aux files: config.rpath config.guess config.sub compile missing install-sh
configure:5511:  trying ./build-aux/
configure:5540:   ./build-aux/config.rpath found
configure:5540:   ./build-aux/config.guess found
configure:5540:   ./build-aux/config.sub found
configure:5540:   ./build-aux/compile found
configure:5540:   ./build-aux/missing found
configure:5522:   ./build-aux/install-sh found
configure:5677: checking for a BSD-compatible install
configure:5751: result: /data/data/com.termux/files/usr/bin/install -c
configure:5762: checking whether build environment is sane
configure:5817: result: yes
configure:5978: checking for a race-free mkdir -p
configure:6021: result: /data/data/com.termux/files/usr/bin/mkdir -p
configure:6028: checking for gawk
configure:6049: found /data/data/com.termux/files/usr/bin/gawk
configure:6061: result: gawk
configure:6072: checking whether make sets $(MAKE)
configure:6096: result: yes
configure:6126: checking whether make supports nested variables
configure:6145: result: yes
configure:6293: checking whether make supports nested variables
configure:6312: result: yes
configure:6392: checking for gcc
configure:6425: result: /data/data/com.termux/files/home/Oalie/bin/musl-gcc
configure:6784: checking for C compiler version
configure:6793: /data/data/com.termux/files/home/Oalie/bin/musl-gcc --version >&5
./configure: 1: eval: /data/data/com.termux/files/home/Oalie/bin/musl-gcc: not found
configure:6804: $? = 127
configure:6793: /data/data/com.termux/files/home/Oalie/bin/musl-gcc -v >&5
./configure: 1: eval: /data/data/com.termux/files/home/Oalie/bin/musl-gcc: not found
configure:6804: $? = 127
configure:6793: /data/data/com.termux/files/home/Oalie/bin/musl-gcc -V >&5
./configure: 1: eval: /data/data/com.termux/files/home/Oalie/bin/musl-gcc: not found
configure:6804: $? = 127
configure:6793: /data/data/com.termux/files/home/Oalie/bin/musl-gcc -qversion >&5
./configure: 1: eval: /data/data/com.termux/files/home/Oalie/bin/musl-gcc: not found
configure:6804: $? = 127
configure:6793: /data/data/com.termux/files/home/Oalie/bin/musl-gcc -version >&5
./configure: 1: eval: /data/data/com.termux/files/home/Oalie/bin/musl-gcc: not found
configure:6804: $? = 127
configure:6824: checking whether the C compiler works
configure:6846: /data/data/com.termux/files/home/Oalie/bin/musl-gcc    conftest.c  >&5
./configure: 1: eval: /data/data/com.termux/files/home/Oalie/bin/musl-gcc: not found
configure:6850: $? = 127
configure:6891: result: no
configure: failed program was:
| /* confdefs.h */
| #define PACKAGE_NAME "GNU coreutils"
| #define PACKAGE_TARNAME "coreutils"
| #define PACKAGE_VERSION "9.5"
| #define PACKAGE_STRING "GNU coreutils 9.5"
| #define PACKAGE_BUGREPORT "bug-coreutils@gnu.org"
| #define PACKAGE_URL "https://www.gnu.org/software/coreutils/"
| #define PACKAGE "coreutils"
| #define VERSION "9.5"
| /* end confdefs.h.  */
| 
| int
| main (void)
| {
| 
|   ;
|   return 0;
| }
configure:6896: error: in '/data/data/com.termux/files/home/Oalie/coreutils-9.5/coreutils-9.5':
configure:6898: error: C compiler cannot create executables
See 'config.log' for more details

## ---------------- ##
## Cache variables. ##
## ---------------- ##

ac_cv_env_CC_set='set'
ac_cv_env_CC_value='/data/data/com.termux/files/home/Oalie/bin/musl-gcc'
ac_cv_env_CFLAGS_set=''
ac_cv_env_CFLAGS_value=''
ac_cv_env_CPPFLAGS_set=''
ac_cv_env_CPPFLAGS_value=''
ac_cv_env_CPP_set=''
ac_cv_env_CPP_value=''
ac_cv_env_DEFAULT_POSIX2_VERSION_set=''
ac_cv_env_DEFAULT_POSIX2_VERSION_value=''
ac_cv_env_LDFLAGS_set=''
ac_cv_env_LDFLAGS_value=''
ac_cv_env_LIBS_set=''
ac_cv_env_LIBS_value=''
ac_cv_env_YACC_set=''
ac_cv_env_YACC_value=''
ac_cv_env_YFLAGS_set=''
ac_cv_env_YFLAGS_value=''
ac_cv_env_build_alias_set=''
ac_cv_env_build_alias_value=''
ac_cv_env_host_alias_set=''
ac_cv_env_host_alias_value=''
ac_cv_env_target_alias_set=''
ac_cv_env_target_alias_value=''
ac_cv_path_install='/data/data/com.termux/files/usr/bin/install -c'
ac_cv_path_mkdir='/data/data/com.termux/files/usr/bin/mkdir'
ac_cv_prog_AWK='gawk'
ac_cv_prog_ac_ct_CC='/data/data/com.termux/files/home/Oalie/bin/musl-gcc'
ac_cv_prog_make_make_set='yes'
am_cv_make_support_nested_variables='yes'

## ----------------- ##
## Output variables. ##
## ----------------- ##

ACLOCAL='${SHELL} '\''/data/data/com.termux/files/home/Oalie/coreutils-9.5/coreutils-9.5/build-aux/missing'\'' aclocal-1.16'
ALLOCA=''
ALLOCA_H=''
AMDEPBACKSLASH=''
AMDEP_FALSE=''
AMDEP_TRUE=''
AMTAR='$${TAR-tar}'
AM_BACKSLASH='\'
AM_DEFAULT_V='$(AM_DEFAULT_VERBOSITY)'
AM_DEFAULT_VERBOSITY='0'
AM_V='$(V)'
APPLE_UNIVERSAL_BUILD=''
AR=''
ARFLAGS=''
ASSERT_H=''
AUTOCONF='${SHELL} '\''/data/data/com.termux/files/home/Oalie/coreutils-9.5/coreutils-9.5/build-aux/missing'\'' autoconf'
AUTOHEADER='${SHELL} '\''/data/data/com.termux/files/home/Oalie/coreutils-9.5/coreutils-9.5/build-aux/missing'\'' autoheader'
AUTOMAKE='${SHELL} '\''/data/data/com.termux/files/home/Oalie/coreutils-9.5/coreutils-9.5/build-aux/missing'\'' automake-1.16'
AWK='gawk'
BITSIZEOF_PTRDIFF_T=''
BITSIZEOF_SIG_ATOMIC_T=''
BITSIZEOF_SIZE_T=''
BITSIZEOF_WCHAR_T=''
BITSIZEOF_WINT_T=''
BOLD_MAN_REFS_FALSE=''
BOLD_MAN_REFS_TRUE=''
BYTESWAP_H=''
CC='/data/data/com.termux/files/home/Oalie/bin/musl-gcc'
CCDEPMODE=''
CFLAGS=''
CFLAG_VISIBILITY=''
CLOCK_TIME_LIB=''
CONFIG_INCLUDE=''
CPP=''
CPPFLAGS=''
CROSS_COMPILING_FALSE=''
CROSS_COMPILING_TRUE=''
CSCOPE='cscope'
CTAGS='ctags'
CXX_HAS_CHAR8_TYPE=''
CXX_HAS_UCHAR_TYPES=''
CYGPATH_W='echo'
DEFAULT_POSIX2_VERSION=''
DEFS=''
DEPDIR=''
DIR_HAS_FD_MEMBER=''
ECHO_C=''
ECHO_N='-n'
ECHO_T=''
EGREP=''
EMULTIHOP_HIDDEN=''
EMULTIHOP_VALUE=''
ENOLINK_HIDDEN=''
ENOLINK_VALUE=''
EOVERFLOW_HIDDEN=''
EOVERFLOW_VALUE=''
ERRNO_H=''
ETAGS='etags'
EUIDACCESS_LIBGEN=''
EXEEXT=''
EXTRA_MANS=''
FDATASYNC_LIB=''
FILE_HAS_ACL_LIB=''
FLOAT_H=''
FNMATCH_H=''
GETADDRINFO_LIB=''
GETHOSTNAME_LIB=''
GETHRXTIME_LIB=''
GETLOADAVG_LIBS=''
GETLOGIN_LIB=''
GETOPT_CDEFS_H=''
GETOPT_H=''
GETRANDOM_LIB=''
GETTEXT_MACRO_VERSION=''
GL_CFLAG_ALLOW_WARNINGS=''
GL_CFLAG_GNULIB_WARNINGS=''
GL_COND_LIBTOOL_FALSE=''
GL_COND_LIBTOOL_TRUE=''
GL_COND_OBJ_ACCEPT_FALSE=''
GL_COND_OBJ_ACCEPT_TRUE=''
GL_COND_OBJ_ACCESS_FALSE=''
GL_COND_OBJ_ACCESS_TRUE=''
GL_COND_OBJ_ATOLL_FALSE=''
GL_COND_OBJ_ATOLL_TRUE=''
GL_COND_OBJ_BIND_FALSE=''
GL_COND_OBJ_BIND_TRUE=''
GL_COND_OBJ_BTOWC_FALSE=''
GL_COND_OBJ_BTOWC_TRUE=''
GL_COND_OBJ_C32RTOMB_FALSE=''
GL_COND_OBJ_C32RTOMB_TRUE=''
GL_COND_OBJ_CHDIR_LONG_FALSE=''
GL_COND_OBJ_CHDIR_LONG_TRUE=''
GL_COND_OBJ_CHMOD_FALSE=''
GL_COND_OBJ_CHMOD_TRUE=''
GL_COND_OBJ_CHOWN_FALSE=''
GL_COND_OBJ_CHOWN_TRUE=''
GL_COND_OBJ_CLOSEDIR_FALSE=''
GL_COND_OBJ_CLOSEDIR_TRUE=''
GL_COND_OBJ_CLOSE_FALSE=''
GL_COND_OBJ_CLOSE_TRUE=''
GL_COND_OBJ_CONNECT_FALSE=''
GL_COND_OBJ_CONNECT_TRUE=''
GL_COND_OBJ_COPY_FILE_RANGE_FALSE=''
GL_COND_OBJ_COPY_FILE_RANGE_TRUE=''
GL_COND_OBJ_CREAT_FALSE=''
GL_COND_OBJ_CREAT_TRUE=''
GL_COND_OBJ_DIRFD_FALSE=''
GL_COND_OBJ_DIRFD_TRUE=''
GL_COND_OBJ_DUP2_FALSE=''
GL_COND_OBJ_DUP2_TRUE=''
GL_COND_OBJ_DUP_FALSE=''
GL_COND_OBJ_DUP_TRUE=''
GL_COND_OBJ_ERROR_FALSE=''
GL_COND_OBJ_ERROR_TRUE=''
GL_COND_OBJ_EUIDACCESS_FALSE=''
GL_COND_OBJ_EUIDACCESS_TRUE=''
GL_COND_OBJ_EXPLICIT_BZERO_FALSE=''
GL_COND_OBJ_EXPLICIT_BZERO_TRUE=''
GL_COND_OBJ_FACCESSAT_FALSE=''
GL_COND_OBJ_FACCESSAT_TRUE=''
GL_COND_OBJ_FCHDIR_FALSE=''
GL_COND_OBJ_FCHDIR_TRUE=''
GL_COND_OBJ_FCHMODAT_FALSE=''
GL_COND_OBJ_FCHMODAT_TRUE=''
GL_COND_OBJ_FCHOWNAT_FALSE=''
GL_COND_OBJ_FCHOWNAT_TRUE=''
GL_COND_OBJ_FCHOWN_STUB_FALSE=''
GL_COND_OBJ_FCHOWN_STUB_TRUE=''
GL_COND_OBJ_FCLOSE_FALSE=''
GL_COND_OBJ_FCLOSE_TRUE=''
GL_COND_OBJ_FCNTL_FALSE=''
GL_COND_OBJ_FCNTL_TRUE=''
GL_COND_OBJ_FDATASYNC_FALSE=''
GL_COND_OBJ_FDATASYNC_TRUE=''
GL_COND_OBJ_FDOPENDIR_FALSE=''
GL_COND_OBJ_FDOPENDIR_TRUE=''
GL_COND_OBJ_FDOPEN_FALSE=''
GL_COND_OBJ_FDOPEN_TRUE=''
GL_COND_OBJ_FFLUSH_FALSE=''
GL_COND_OBJ_FFLUSH_TRUE=''
GL_COND_OBJ_FILEBLOCKS_FALSE=''
GL_COND_OBJ_FILEBLOCKS_TRUE=''
GL_COND_OBJ_FLOAT_FALSE=''
GL_COND_OBJ_FLOAT_TRUE=''
GL_COND_OBJ_FPENDING_FALSE=''
GL_COND_OBJ_FPENDING_TRUE=''
GL_COND_OBJ_FPURGE_FALSE=''
GL_COND_OBJ_FPURGE_TRUE=''
GL_COND_OBJ_FREADAHEAD_FALSE=''
GL_COND_OBJ_FREADAHEAD_TRUE=''
GL_COND_OBJ_FREADPTR_FALSE=''
GL_COND_OBJ_FREADPTR_TRUE=''
GL_COND_OBJ_FREE_FALSE=''
GL_COND_OBJ_FREE_TRUE=''
GL_COND_OBJ_FREOPEN_FALSE=''
GL_COND_OBJ_FREOPEN_TRUE=''
GL_COND_OBJ_FSEEKO_FALSE=''
GL_COND_OBJ_FSEEKO_TRUE=''
GL_COND_OBJ_FSEEK_FALSE=''
GL_COND_OBJ_FSEEK_TRUE=''
GL_COND_OBJ_FSETERR_FALSE=''
GL_COND_OBJ_FSETERR_TRUE=''
GL_COND_OBJ_FSTATAT_FALSE=''
GL_COND_OBJ_FSTATAT_TRUE=''
GL_COND_OBJ_FSTAT_FALSE=''
GL_COND_OBJ_FSTAT_TRUE=''
GL_COND_OBJ_FSUSAGE_FALSE=''
GL_COND_OBJ_FSUSAGE_TRUE=''
GL_COND_OBJ_FSYNC_FALSE=''
GL_COND_OBJ_FSYNC_TRUE=''
GL_COND_OBJ_FTELLO_FALSE=''
GL_COND_OBJ_FTELLO_TRUE=''
GL_COND_OBJ_FTELL_FALSE=''
GL_COND_OBJ_FTELL_TRUE=''
GL_COND_OBJ_FTRUNCATE_FALSE=''
GL_COND_OBJ_FTRUNCATE_TRUE=''
GL_COND_OBJ_FTS_FALSE=''
GL_COND_OBJ_FTS_TRUE=''
GL_COND_OBJ_FUTIMENS_FALSE=''
GL_COND_OBJ_FUTIMENS_TRUE=''
GL_COND_OBJ_GAI_STRERROR_FALSE=''
GL_COND_OBJ_GAI_STRERROR_TRUE=''
GL_COND_OBJ_GETADDRINFO_FALSE=''
GL_COND_OBJ_GETADDRINFO_TRUE=''
GL_COND_OBJ_GETCWD_FALSE=''
GL_COND_OBJ_GETCWD_LGPL_FALSE=''
GL_COND_OBJ_GETCWD_LGPL_TRUE=''
GL_COND_OBJ_GETCWD_TRUE=''
GL_COND_OBJ_GETDELIM_FALSE=''
GL_COND_OBJ_GETDELIM_TRUE=''
GL_COND_OBJ_GETDTABLESIZE_FALSE=''
GL_COND_OBJ_GETDTABLESIZE_TRUE=''
GL_COND_OBJ_GETFILECON_FALSE=''
GL_COND_OBJ_GETFILECON_TRUE=''
GL_COND_OBJ_GETGROUPS_FALSE=''
GL_COND_OBJ_GETGROUPS_TRUE=''
GL_COND_OBJ_GETHOSTNAME_FALSE=''
GL_COND_OBJ_GETHOSTNAME_TRUE=''
GL_COND_OBJ_GETLINE_FALSE=''
GL_COND_OBJ_GETLINE_TRUE=''
GL_COND_OBJ_GETLOADAVG_FALSE=''
GL_COND_OBJ_GETLOADAVG_TRUE=''
GL_COND_OBJ_GETLOGIN_FALSE=''
GL_COND_OBJ_GETLOGIN_TRUE=''
GL_COND_OBJ_GETOPT_FALSE=''
GL_COND_OBJ_GETOPT_TRUE=''
GL_COND_OBJ_GETPAGESIZE_FALSE=''
GL_COND_OBJ_GETPAGESIZE_TRUE=''
GL_COND_OBJ_GETPROGNAME_FALSE=''
GL_COND_OBJ_GETPROGNAME_TRUE=''
GL_COND_OBJ_GETRANDOM_FALSE=''
GL_COND_OBJ_GETRANDOM_TRUE=''
GL_COND_OBJ_GETRUSAGE_FALSE=''
GL_COND_OBJ_GETRUSAGE_TRUE=''
GL_COND_OBJ_GETTIMEOFDAY_FALSE=''
GL_COND_OBJ_GETTIMEOFDAY_TRUE=''
GL_COND_OBJ_GROUP_MEMBER_FALSE=''
GL_COND_OBJ_GROUP_MEMBER_TRUE=''
GL_COND_OBJ_ICONV_FALSE=''
GL_COND_OBJ_ICONV_OPEN_FALSE=''
GL_COND_OBJ_ICONV_OPEN_TRUE=''
GL_COND_OBJ_ICONV_TRUE=''
GL_COND_OBJ_INET_NTOP_FALSE=''
GL_COND_OBJ_INET_NTOP_TRUE=''
GL_COND_OBJ_INET_PTON_FALSE=''
GL_COND_OBJ_INET_PTON_TRUE=''
GL_COND_OBJ_IOCTL_FALSE=''
GL_COND_OBJ_IOCTL_TRUE=''
GL_COND_OBJ_ISAPIPE_FALSE=''
GL_COND_OBJ_ISAPIPE_TRUE=''
GL_COND_OBJ_ISATTY_FALSE=''
GL_COND_OBJ_ISATTY_TRUE=''
GL_COND_OBJ_ISBLANK_FALSE=''
GL_COND_OBJ_ISBLANK_TRUE=''
GL_COND_OBJ_ISWBLANK_FALSE=''
GL_COND_OBJ_ISWBLANK_TRUE=''
GL_COND_OBJ_ISWCTYPE_FALSE=''
GL_COND_OBJ_ISWCTYPE_TRUE=''
GL_COND_OBJ_ISWDIGIT_FALSE=''
GL_COND_OBJ_ISWDIGIT_TRUE=''
GL_COND_OBJ_ISWPUNCT_FALSE=''
GL_COND_OBJ_ISWPUNCT_TRUE=''
GL_COND_OBJ_ISWXDIGIT_FALSE=''
GL_COND_OBJ_ISWXDIGIT_TRUE=''
GL_COND_OBJ_ITOLD_FALSE=''
GL_COND_OBJ_ITOLD_TRUE=''
GL_COND_OBJ_LCHMOD_FALSE=''
GL_COND_OBJ_LCHMOD_TRUE=''
GL_COND_OBJ_LCHOWN_FALSE=''
GL_COND_OBJ_LCHOWN_TRUE=''
GL_COND_OBJ_LINKAT_FALSE=''
GL_COND_OBJ_LINKAT_TRUE=''
GL_COND_OBJ_LINK_FALSE=''
GL_COND_OBJ_LINK_TRUE=''
GL_COND_OBJ_LISTEN_FALSE=''
GL_COND_OBJ_LISTEN_TRUE=''
GL_COND_OBJ_LOCALECONV_FALSE=''
GL_COND_OBJ_LOCALECONV_TRUE=''
GL_COND_OBJ_LOCALENAME_UNSAFE_LIMITED_FALSE=''
GL_COND_OBJ_LOCALENAME_UNSAFE_LIMITED_TRUE=''
GL_COND_OBJ_LSEEK_FALSE=''
GL_COND_OBJ_LSEEK_TRUE=''
GL_COND_OBJ_LSTAT_FALSE=''
GL_COND_OBJ_LSTAT_TRUE=''
GL_COND_OBJ_MBRLEN_FALSE=''
GL_COND_OBJ_MBRLEN_TRUE=''
GL_COND_OBJ_MBRTOC32_FALSE=''
GL_COND_OBJ_MBRTOC32_TRUE=''
GL_COND_OBJ_MBRTOWC_FALSE=''
GL_COND_OBJ_MBRTOWC_TRUE=''
GL_COND_OBJ_MBSINIT_FALSE=''
GL_COND_OBJ_MBSINIT_TRUE=''
GL_COND_OBJ_MBSRTOWCS_FALSE=''
GL_COND_OBJ_MBSRTOWCS_TRUE=''
GL_COND_OBJ_MBTOWC_FALSE=''
GL_COND_OBJ_MBTOWC_TRUE=''
GL_COND_OBJ_MEMCHR_FALSE=''
GL_COND_OBJ_MEMCHR_TRUE=''
GL_COND_OBJ_MEMPCPY_FALSE=''
GL_COND_OBJ_MEMPCPY_TRUE=''
GL_COND_OBJ_MEMRCHR_FALSE=''
GL_COND_OBJ_MEMRCHR_TRUE=''
GL_COND_OBJ_MEMSET_EXPLICIT_FALSE=''
GL_COND_OBJ_MEMSET_EXPLICIT_TRUE=''
GL_COND_OBJ_MINI_GMP_GNULIB_FALSE=''
GL_COND_OBJ_MINI_GMP_GNULIB_TRUE=''
GL_COND_OBJ_MKDIRAT_FALSE=''
GL_COND_OBJ_MKDIRAT_TRUE=''
GL_COND_OBJ_MKDIR_FALSE=''
GL_COND_OBJ_MKDIR_TRUE=''
GL_COND_OBJ_MKFIFOAT_FALSE=''
GL_COND_OBJ_MKFIFOAT_TRUE=''
GL_COND_OBJ_MKFIFO_FALSE=''
GL_COND_OBJ_MKFIFO_TRUE=''
GL_COND_OBJ_MKNODAT_FALSE=''
GL_COND_OBJ_MKNODAT_TRUE=''
GL_COND_OBJ_MKNOD_FALSE=''
GL_COND_OBJ_MKNOD_TRUE=''
GL_COND_OBJ_MKOSTEMP_FALSE=''
GL_COND_OBJ_MKOSTEMP_TRUE=''
GL_COND_OBJ_MKSTEMP_FALSE=''
GL_COND_OBJ_MKSTEMP_TRUE=''
GL_COND_OBJ_MOUNTLIST_FALSE=''
GL_COND_OBJ_MOUNTLIST_TRUE=''
GL_COND_OBJ_MSVC_INVAL_FALSE=''
GL_COND_OBJ_MSVC_INVAL_TRUE=''
GL_COND_OBJ_MSVC_NOTHROW_FALSE=''
GL_COND_OBJ_MSVC_NOTHROW_TRUE=''
GL_COND_OBJ_NANOSLEEP_FALSE=''
GL_COND_OBJ_NANOSLEEP_TRUE=''
GL_COND_OBJ_NL_LANGINFO_FALSE=''
GL_COND_OBJ_NL_LANGINFO_LOCK_FALSE=''
GL_COND_OBJ_NL_LANGINFO_LOCK_TRUE=''
GL_COND_OBJ_NL_LANGINFO_TRUE=''
GL_COND_OBJ_OBSTACK_FALSE=''
GL_COND_OBJ_OBSTACK_TRUE=''
GL_COND_OBJ_OPENAT_FALSE=''
GL_COND_OBJ_OPENAT_TRUE=''
GL_COND_OBJ_OPENDIR_FALSE=''
GL_COND_OBJ_OPENDIR_TRUE=''
GL_COND_OBJ_OPEN_FALSE=''
GL_COND_OBJ_OPEN_TRUE=''
GL_COND_OBJ_PERROR_FALSE=''
GL_COND_OBJ_PERROR_TRUE=''
GL_COND_OBJ_PIPE_FALSE=''
GL_COND_OBJ_PIPE_TRUE=''
GL_COND_OBJ_POSIX_MEMALIGN_FALSE=''
GL_COND_OBJ_POSIX_MEMALIGN_TRUE=''
GL_COND_OBJ_PSELECT_FALSE=''
GL_COND_OBJ_PSELECT_TRUE=''
GL_COND_OBJ_PTHREAD_COND_FALSE=''
GL_COND_OBJ_PTHREAD_COND_TRUE=''
GL_COND_OBJ_PTHREAD_MUTEX_FALSE=''
GL_COND_OBJ_PTHREAD_MUTEX_TIMEDLOCK_FALSE=''
GL_COND_OBJ_PTHREAD_MUTEX_TIMEDLOCK_TRUE=''
GL_COND_OBJ_PTHREAD_MUTEX_TRUE=''
GL_COND_OBJ_PTHREAD_SIGMASK_FALSE=''
GL_COND_OBJ_PTHREAD_SIGMASK_TRUE=''
GL_COND_OBJ_PTHREAD_THREAD_FALSE=''
GL_COND_OBJ_PTHREAD_THREAD_TRUE=''
GL_COND_OBJ_PUTENV_FALSE=''
GL_COND_OBJ_PUTENV_TRUE=''
GL_COND_OBJ_QSORT_FALSE=''
GL_COND_OBJ_QSORT_R_FALSE=''
GL_COND_OBJ_QSORT_R_TRUE=''
GL_COND_OBJ_QSORT_TRUE=''
GL_COND_OBJ_RAISE_FALSE=''
GL_COND_OBJ_RAISE_TRUE=''
GL_COND_OBJ_RANDOM_FALSE=''
GL_COND_OBJ_RANDOM_R_FALSE=''
GL_COND_OBJ_RANDOM_R_TRUE=''
GL_COND_OBJ_RANDOM_TRUE=''
GL_COND_OBJ_RAWMEMCHR_FALSE=''
GL_COND_OBJ_RAWMEMCHR_TRUE=''
GL_COND_OBJ_READDIR_FALSE=''
GL_COND_OBJ_READDIR_TRUE=''
GL_COND_OBJ_READLINKAT_FALSE=''
GL_COND_OBJ_READLINKAT_TRUE=''
GL_COND_OBJ_READLINK_FALSE=''
GL_COND_OBJ_READLINK_TRUE=''
GL_COND_OBJ_READ_FALSE=''
GL_COND_OBJ_READ_TRUE=''
GL_COND_OBJ_REALLOCARRAY_FALSE=''
GL_COND_OBJ_REALLOCARRAY_TRUE=''
GL_COND_OBJ_REGEX_FALSE=''
GL_COND_OBJ_REGEX_TRUE=''
GL_COND_OBJ_REMOVE_FALSE=''
GL_COND_OBJ_REMOVE_TRUE=''
GL_COND_OBJ_RENAMEAT_FALSE=''
GL_COND_OBJ_RENAMEAT_TRUE=''
GL_COND_OBJ_RENAME_FALSE=''
GL_COND_OBJ_RENAME_TRUE=''
GL_COND_OBJ_REWINDDIR_FALSE=''
GL_COND_OBJ_REWINDDIR_TRUE=''
GL_COND_OBJ_RMDIR_FALSE=''
GL_COND_OBJ_RMDIR_TRUE=''
GL_COND_OBJ_RPMATCH_FALSE=''
GL_COND_OBJ_RPMATCH_TRUE=''
GL_COND_OBJ_SCHED_YIELD_FALSE=''
GL_COND_OBJ_SCHED_YIELD_TRUE=''
GL_COND_OBJ_SECURE_GETENV_FALSE=''
GL_COND_OBJ_SECURE_GETENV_TRUE=''
GL_COND_OBJ_SELECT_FALSE=''
GL_COND_OBJ_SELECT_TRUE=''
GL_COND_OBJ_SETENV_FALSE=''
GL_COND_OBJ_SETENV_TRUE=''
GL_COND_OBJ_SETLOCALE_FALSE=''
GL_COND_OBJ_SETLOCALE_LOCK_FALSE=''
GL_COND_OBJ_SETLOCALE_LOCK_TRUE=''
GL_COND_OBJ_SETLOCALE_TRUE=''
GL_COND_OBJ_SETSOCKOPT_FALSE=''
GL_COND_OBJ_SETSOCKOPT_TRUE=''
GL_COND_OBJ_SIG2STR_FALSE=''
GL_COND_OBJ_SIG2STR_TRUE=''
GL_COND_OBJ_SIGACTION_FALSE=''
GL_COND_OBJ_SIGACTION_TRUE=''
GL_COND_OBJ_SIGNBIT3_FALSE=''
GL_COND_OBJ_SIGNBIT3_TRUE=''
GL_COND_OBJ_SIGPROCMASK_FALSE=''
GL_COND_OBJ_SIGPROCMASK_TRUE=''
GL_COND_OBJ_SLEEP_FALSE=''
GL_COND_OBJ_SLEEP_TRUE=''
GL_COND_OBJ_SOCKET_FALSE=''
GL_COND_OBJ_SOCKET_TRUE=''
GL_COND_OBJ_STAT_FALSE=''
GL_COND_OBJ_STAT_TRUE=''
GL_COND_OBJ_STDIO_READ_FALSE=''
GL_COND_OBJ_STDIO_READ_TRUE=''
GL_COND_OBJ_STDIO_WRITE_FALSE=''
GL_COND_OBJ_STDIO_WRITE_TRUE=''
GL_COND_OBJ_STPCPY_FALSE=''
GL_COND_OBJ_STPCPY_TRUE=''
GL_COND_OBJ_STRDUP_FALSE=''
GL_COND_OBJ_STRDUP_TRUE=''
GL_COND_OBJ_STRERROR_FALSE=''
GL_COND_OBJ_STRERROR_OVERRIDE_FALSE=''
GL_COND_OBJ_STRERROR_OVERRIDE_TRUE=''
GL_COND_OBJ_STRERROR_TRUE=''
GL_COND_OBJ_STRFTIME_FIXES_FALSE=''
GL_COND_OBJ_STRFTIME_FIXES_TRUE=''
GL_COND_OBJ_STRNLEN_FALSE=''
GL_COND_OBJ_STRNLEN_TRUE=''
GL_COND_OBJ_STRSIGNAL_FALSE=''
GL_COND_OBJ_STRSIGNAL_TRUE=''
GL_COND_OBJ_STRTOD_FALSE=''
GL_COND_OBJ_STRTOD_TRUE=''
GL_COND_OBJ_STRTOIMAX_FALSE=''
GL_COND_OBJ_STRTOIMAX_TRUE=''
GL_COND_OBJ_STRTOLD_FALSE=''
GL_COND_OBJ_STRTOLD_TRUE=''
GL_COND_OBJ_STRTOLL_FALSE=''
GL_COND_OBJ_STRTOLL_TRUE=''
GL_COND_OBJ_STRTOULL_FALSE=''
GL_COND_OBJ_STRTOULL_TRUE=''
GL_COND_OBJ_STRTOUMAX_FALSE=''
GL_COND_OBJ_STRTOUMAX_TRUE=''
GL_COND_OBJ_SYMLINKAT_FALSE=''
GL_COND_OBJ_SYMLINKAT_TRUE=''
GL_COND_OBJ_SYMLINK_FALSE=''
GL_COND_OBJ_SYMLINK_TRUE=''
GL_COND_OBJ_TIMEGM_FALSE=''
GL_COND_OBJ_TIMEGM_TRUE=''
GL_COND_OBJ_TIME_FALSE=''
GL_COND_OBJ_TIME_RZ_FALSE=''
GL_COND_OBJ_TIME_RZ_TRUE=''
GL_COND_OBJ_TIME_R_FALSE=''
GL_COND_OBJ_TIME_R_TRUE=''
GL_COND_OBJ_TIME_TRUE=''
GL_COND_OBJ_TMPFILE_FALSE=''
GL_COND_OBJ_TMPFILE_TRUE=''
GL_COND_OBJ_TZSET_FALSE=''
GL_COND_OBJ_TZSET_TRUE=''
GL_COND_OBJ_UNAME_FALSE=''
GL_COND_OBJ_UNAME_TRUE=''
GL_COND_OBJ_UNLINKAT_FALSE=''
GL_COND_OBJ_UNLINKAT_TRUE=''
GL_COND_OBJ_UNLINK_FALSE=''
GL_COND_OBJ_UNLINK_TRUE=''
GL_COND_OBJ_UNSETENV_FALSE=''
GL_COND_OBJ_UNSETENV_TRUE=''
GL_COND_OBJ_USLEEP_FALSE=''
GL_COND_OBJ_USLEEP_TRUE=''
GL_COND_OBJ_UTIMENSAT_FALSE=''
GL_COND_OBJ_UTIMENSAT_TRUE=''
GL_COND_OBJ_UTIME_FALSE=''
GL_COND_OBJ_UTIME_TRUE=''
GL_COND_OBJ_WCRTOMB_FALSE=''
GL_COND_OBJ_WCRTOMB_TRUE=''
GL_COND_OBJ_WCTOB_FALSE=''
GL_COND_OBJ_WCTOB_TRUE=''
GL_COND_OBJ_WCTOMB_FALSE=''
GL_COND_OBJ_WCTOMB_TRUE=''
GL_COND_OBJ_WCTYPE_FALSE=''
GL_COND_OBJ_WCTYPE_TRUE=''
GL_COND_OBJ_WCWIDTH_FALSE=''
GL_COND_OBJ_WCWIDTH_TRUE=''
GL_COND_OBJ_WINDOWS_COND_FALSE=''
GL_COND_OBJ_WINDOWS_COND_TRUE=''
GL_COND_OBJ_WINDOWS_MUTEX_FALSE=''
GL_COND_OBJ_WINDOWS_MUTEX_TRUE=''
GL_COND_OBJ_WINDOWS_ONCE_FALSE=''
GL_COND_OBJ_WINDOWS_ONCE_TRUE=''
GL_COND_OBJ_WINDOWS_RECMUTEX_FALSE=''
GL_COND_OBJ_WINDOWS_RECMUTEX_TRUE=''
GL_COND_OBJ_WINDOWS_RWLOCK_FALSE=''
GL_COND_OBJ_WINDOWS_RWLOCK_TRUE=''
GL_COND_OBJ_WINDOWS_THREAD_FALSE=''
GL_COND_OBJ_WINDOWS_THREAD_TRUE=''
GL_COND_OBJ_WINDOWS_TIMEDMUTEX_FALSE=''
GL_COND_OBJ_WINDOWS_TIMEDMUTEX_TRUE=''
GL_COND_OBJ_WINDOWS_TIMEDRECMUTEX_FALSE=''
GL_COND_OBJ_WINDOWS_TIMEDRECMUTEX_TRUE=''
GL_COND_OBJ_WINDOWS_TLS_FALSE=''
GL_COND_OBJ_WINDOWS_TLS_TRUE=''
GL_COND_OBJ_WMEMCHR_FALSE=''
GL_COND_OBJ_WMEMCHR_TRUE=''
GL_COND_OBJ_WMEMPCPY_FALSE=''
GL_COND_OBJ_WMEMPCPY_TRUE=''
GL_COND_OBJ_WRITE_FALSE=''
GL_COND_OBJ_WRITE_TRUE=''
GL_CXXFLAG_ALLOW_WARNINGS=''
GL_GENERATE_ALLOCA_H_FALSE=''
GL_GENERATE_ALLOCA_H_TRUE=''
GL_GENERATE_ASSERT_H_FALSE=''
GL_GENERATE_ASSERT_H_TRUE=''
GL_GENERATE_BYTESWAP_H_FALSE=''
GL_GENERATE_BYTESWAP_H_TRUE=''
GL_GENERATE_ERRNO_H_FALSE=''
GL_GENERATE_ERRNO_H_TRUE=''
GL_GENERATE_FLOAT_H_FALSE=''
GL_GENERATE_FLOAT_H_TRUE=''
GL_GENERATE_FNMATCH_H_FALSE=''
GL_GENERATE_FNMATCH_H_TRUE=''
GL_GENERATE_GETOPT_CDEFS_H_FALSE=''
GL_GENERATE_GETOPT_CDEFS_H_TRUE=''
GL_GENERATE_GETOPT_H_FALSE=''
GL_GENERATE_GETOPT_H_TRUE=''
GL_GENERATE_GMP_GMP_H_FALSE=''
GL_GENERATE_GMP_GMP_H_TRUE=''
GL_GENERATE_GMP_H_FALSE=''
GL_GENERATE_GMP_H_TRUE=''
GL_GENERATE_ICONV_H_FALSE=''
GL_GENERATE_ICONV_H_TRUE=''
GL_GENERATE_LIMITS_H_FALSE=''
GL_GENERATE_LIMITS_H_TRUE=''
GL_GENERATE_MINI_GMP_H_FALSE=''
GL_GENERATE_MINI_GMP_H_TRUE=''
GL_GENERATE_NETINET_IN_H_FALSE=''
GL_GENERATE_NETINET_IN_H_TRUE=''
GL_GENERATE_OBSTACK_H_FALSE=''
GL_GENERATE_OBSTACK_H_TRUE=''
GL_GENERATE_SELINUX_CONTEXT_H_FALSE=''
GL_GENERATE_SELINUX_CONTEXT_H_TRUE=''
GL_GENERATE_SELINUX_LABEL_H_FALSE=''
GL_GENERATE_SELINUX_LABEL_H_TRUE=''
GL_GENERATE_STDARG_H_FALSE=''
GL_GENERATE_STDARG_H_TRUE=''
GL_GENERATE_STDCKDINT_H_FALSE=''
GL_GENERATE_STDCKDINT_H_TRUE=''
GL_GENERATE_STDDEF_H_FALSE=''
GL_GENERATE_STDDEF_H_TRUE=''
GL_GENERATE_STDINT_H_FALSE=''
GL_GENERATE_STDINT_H_TRUE=''
GL_GNULIB_ACCEPT4=''
GL_GNULIB_ACCEPT=''
GL_GNULIB_ACCESS=''
GL_GNULIB_ACOSF=''
GL_GNULIB_ACOSL=''
GL_GNULIB_ALIGNED_ALLOC=''
GL_GNULIB_ALPHASORT=''
GL_GNULIB_ASINF=''
GL_GNULIB_ASINL=''
GL_GNULIB_ATAN2F=''
GL_GNULIB_ATANF=''
GL_GNULIB_ATANL=''
GL_GNULIB_ATOLL=''
GL_GNULIB_BIND=''
GL_GNULIB_BTOC32=''
GL_GNULIB_BTOWC=''
GL_GNULIB_C32ISALNUM=''
GL_GNULIB_C32ISALPHA=''
GL_GNULIB_C32ISBLANK=''
GL_GNULIB_C32ISCNTRL=''
GL_GNULIB_C32ISDIGIT=''
GL_GNULIB_C32ISGRAPH=''
GL_GNULIB_C32ISLOWER=''
GL_GNULIB_C32ISPRINT=''
GL_GNULIB_C32ISPUNCT=''
GL_GNULIB_C32ISSPACE=''
GL_GNULIB_C32ISUPPER=''
GL_GNULIB_C32ISXDIGIT=''
GL_GNULIB_C32RTOMB=''
GL_GNULIB_C32SNRTOMBS=''
GL_GNULIB_C32SRTOMBS=''
GL_GNULIB_C32STOMBS=''
GL_GNULIB_C32SWIDTH=''
GL_GNULIB_C32TOB=''
GL_GNULIB_C32TOLOWER=''
GL_GNULIB_C32TOUPPER=''
GL_GNULIB_C32WIDTH=''
GL_GNULIB_C32_APPLY_MAPPING=''
GL_GNULIB_C32_APPLY_TYPE_TEST=''
GL_GNULIB_C32_GET_MAPPING=''
GL_GNULIB_C32_GET_TYPE_TEST=''
GL_GNULIB_CALLOC_GNU=''
GL_GNULIB_CALLOC_POSIX=''
GL_GNULIB_CANONICALIZE_FILE_NAME=''
GL_GNULIB_CBRT=''
GL_GNULIB_CBRTF=''
GL_GNULIB_CBRTL=''
GL_GNULIB_CEIL=''
GL_GNULIB_CEILF=''
GL_GNULIB_CEILL=''
GL_GNULIB_CHDIR=''
GL_GNULIB_CHMOD=''
GL_GNULIB_CHOWN=''
GL_GNULIB_CLOSE=''
GL_GNULIB_CLOSEDIR=''
GL_GNULIB_CONNECT=''
GL_GNULIB_COPYSIGN=''
GL_GNULIB_COPYSIGNF=''
GL_GNULIB_COPYSIGNL=''
GL_GNULIB_COPY_FILE_RANGE=''
GL_GNULIB_COSF=''
GL_GNULIB_COSHF=''
GL_GNULIB_COSL=''
GL_GNULIB_CREAT=''
GL_GNULIB_CTIME=''
GL_GNULIB_DIRFD=''
GL_GNULIB_DPRINTF=''
GL_GNULIB_DUP2=''
GL_GNULIB_DUP3=''
GL_GNULIB_DUP=''
GL_GNULIB_DUPLOCALE=''
GL_GNULIB_ENVIRON=''
GL_GNULIB_EUIDACCESS=''
GL_GNULIB_EXECL=''
GL_GNULIB_EXECLE=''
GL_GNULIB_EXECLP=''
GL_GNULIB_EXECV=''
GL_GNULIB_EXECVE=''
GL_GNULIB_EXECVP=''
GL_GNULIB_EXECVPE=''
GL_GNULIB_EXP2=''
GL_GNULIB_EXP2F=''
GL_GNULIB_EXP2L=''
GL_GNULIB_EXPF=''
GL_GNULIB_EXPL=''
GL_GNULIB_EXPLICIT_BZERO=''
GL_GNULIB_EXPM1=''
GL_GNULIB_EXPM1F=''
GL_GNULIB_EXPM1L=''
GL_GNULIB_FABSF=''
GL_GNULIB_FABSL=''
GL_GNULIB_FACCESSAT=''
GL_GNULIB_FCHDIR=''
GL_GNULIB_FCHMODAT=''
GL_GNULIB_FCHOWNAT=''
GL_GNULIB_FCLOSE=''
GL_GNULIB_FCNTL=''
GL_GNULIB_FDATASYNC=''
GL_GNULIB_FDOPEN=''
GL_GNULIB_FDOPENDIR=''
GL_GNULIB_FFLUSH=''
GL_GNULIB_FFSL=''
GL_GNULIB_FFSLL=''
GL_GNULIB_FGETC=''
GL_GNULIB_FGETS=''
GL_GNULIB_FLOOR=''
GL_GNULIB_FLOORF=''
GL_GNULIB_FLOORL=''
GL_GNULIB_FMA=''
GL_GNULIB_FMAF=''
GL_GNULIB_FMAL=''
GL_GNULIB_FMOD=''
GL_GNULIB_FMODF=''
GL_GNULIB_FMODL=''
GL_GNULIB_FNMATCH=''
GL_GNULIB_FOPEN=''
GL_GNULIB_FOPEN_GNU=''
GL_GNULIB_FPRINTF=''
GL_GNULIB_FPRINTF_POSIX=''
GL_GNULIB_FPURGE=''
GL_GNULIB_FPUTC=''
GL_GNULIB_FPUTS=''
GL_GNULIB_FREAD=''
GL_GNULIB_FREE_POSIX=''
GL_GNULIB_FREOPEN=''
GL_GNULIB_FREXP=''
GL_GNULIB_FREXPF=''
GL_GNULIB_FREXPL=''
GL_GNULIB_FSCANF=''
GL_GNULIB_FSEEK=''
GL_GNULIB_FSEEKO=''
GL_GNULIB_FSTAT=''
GL_GNULIB_FSTATAT=''
GL_GNULIB_FSYNC=''
GL_GNULIB_FTELL=''
GL_GNULIB_FTELLO=''
GL_GNULIB_FTRUNCATE=''
GL_GNULIB_FUTIMENS=''
GL_GNULIB_FWRITE=''
GL_GNULIB_GETADDRINFO=''
GL_GNULIB_GETC=''
GL_GNULIB_GETCHAR=''
GL_GNULIB_GETCWD=''
GL_GNULIB_GETDELIM=''
GL_GNULIB_GETDOMAINNAME=''
GL_GNULIB_GETDTABLESIZE=''
GL_GNULIB_GETENTROPY=''
GL_GNULIB_GETGROUPS=''
GL_GNULIB_GETHOSTNAME=''
GL_GNULIB_GETLINE=''
GL_GNULIB_GETLOADAVG=''
GL_GNULIB_GETLOGIN=''
GL_GNULIB_GETLOGIN_R=''
GL_GNULIB_GETOPT_POSIX=''
GL_GNULIB_GETPAGESIZE=''
GL_GNULIB_GETPASS=''
GL_GNULIB_GETPASS_GNU=''
GL_GNULIB_GETPEERNAME=''
GL_GNULIB_GETPROGNAME=''
GL_GNULIB_GETRANDOM=''
GL_GNULIB_GETRUSAGE=''
GL_GNULIB_GETSOCKNAME=''
GL_GNULIB_GETSOCKOPT=''
GL_GNULIB_GETSUBOPT=''
GL_GNULIB_GETTIMEOFDAY=''
GL_GNULIB_GETUMASK=''
GL_GNULIB_GETUSERSHELL=''
GL_GNULIB_GRANTPT=''
GL_GNULIB_GROUP_MEMBER=''
GL_GNULIB_HYPOT=''
GL_GNULIB_HYPOTF=''
GL_GNULIB_HYPOTL=''
GL_GNULIB_ICONV=''
GL_GNULIB_ILOGB=''
GL_GNULIB_ILOGBF=''
GL_GNULIB_ILOGBL=''
GL_GNULIB_IMAXABS=''
GL_GNULIB_IMAXDIV=''
GL_GNULIB_INET_NTOP=''
GL_GNULIB_INET_PTON=''
GL_GNULIB_IOCTL=''
GL_GNULIB_ISATTY=''
GL_GNULIB_ISBLANK=''
GL_GNULIB_ISFINITE=''
GL_GNULIB_ISINF=''
GL_GNULIB_ISNAN=''
GL_GNULIB_ISNAND=''
GL_GNULIB_ISNANF=''
GL_GNULIB_ISNANL=''
GL_GNULIB_ISWBLANK=''
GL_GNULIB_ISWCTYPE=''
GL_GNULIB_ISWDIGIT=''
GL_GNULIB_ISWPUNCT=''
GL_GNULIB_ISWXDIGIT=''
GL_GNULIB_LCHMOD=''
GL_GNULIB_LCHOWN=''
GL_GNULIB_LDEXP=''
GL_GNULIB_LDEXPF=''
GL_GNULIB_LDEXPL=''
GL_GNULIB_LINK=''
GL_GNULIB_LINKAT=''
GL_GNULIB_LISTEN=''
GL_GNULIB_LOCALECONV=''
GL_GNULIB_LOCALENAME_UNSAFE=''
GL_GNULIB_LOCALTIME=''
GL_GNULIB_LOG10=''
GL_GNULIB_LOG10F=''
GL_GNULIB_LOG10L=''
GL_GNULIB_LOG1P=''
GL_GNULIB_LOG1PF=''
GL_GNULIB_LOG1PL=''
GL_GNULIB_LOG2=''
GL_GNULIB_LOG2F=''
GL_GNULIB_LOG2L=''
GL_GNULIB_LOG=''
GL_GNULIB_LOGB=''
GL_GNULIB_LOGBF=''
GL_GNULIB_LOGBL=''
GL_GNULIB_LOGF=''
GL_GNULIB_LOGL=''
GL_GNULIB_LSEEK=''
GL_GNULIB_LSTAT=''
GL_GNULIB_MALLOC_GNU=''
GL_GNULIB_MALLOC_POSIX=''
GL_GNULIB_MBRLEN=''
GL_GNULIB_MBRTOC16=''
GL_GNULIB_MBRTOC32=''
GL_GNULIB_MBRTOWC=''
GL_GNULIB_MBSCASECMP=''
GL_GNULIB_MBSCASESTR=''
GL_GNULIB_MBSCHR=''
GL_GNULIB_MBSCSPN=''
GL_GNULIB_MBSINIT=''
GL_GNULIB_MBSLEN=''
GL_GNULIB_MBSNCASECMP=''
GL_GNULIB_MBSNLEN=''
GL_GNULIB_MBSNRTOC32S=''
GL_GNULIB_MBSNRTOWCS=''
GL_GNULIB_MBSPBRK=''
GL_GNULIB_MBSPCASECMP=''
GL_GNULIB_MBSRCHR=''
GL_GNULIB_MBSRTOC32S=''
GL_GNULIB_MBSRTOWCS=''
GL_GNULIB_MBSSEP=''
GL_GNULIB_MBSSPN=''
GL_GNULIB_MBSSTR=''
GL_GNULIB_MBSTOC32S=''
GL_GNULIB_MBSTOK_R=''
GL_GNULIB_MBSTOWCS=''
GL_GNULIB_MBSZERO=''
GL_GNULIB_MBTOWC=''
GL_GNULIB_MDA_ACCESS=''
GL_GNULIB_MDA_CHDIR=''
GL_GNULIB_MDA_CHMOD=''
GL_GNULIB_MDA_CLOSE=''
GL_GNULIB_MDA_CREAT=''
GL_GNULIB_MDA_DUP2=''
GL_GNULIB_MDA_DUP=''
GL_GNULIB_MDA_ECVT=''
GL_GNULIB_MDA_EXECL=''
GL_GNULIB_MDA_EXECLE=''
GL_GNULIB_MDA_EXECLP=''
GL_GNULIB_MDA_EXECV=''
GL_GNULIB_MDA_EXECVE=''
GL_GNULIB_MDA_EXECVP=''
GL_GNULIB_MDA_EXECVPE=''
GL_GNULIB_MDA_FCLOSEALL=''
GL_GNULIB_MDA_FCVT=''
GL_GNULIB_MDA_FDOPEN=''
GL_GNULIB_MDA_FILENO=''
GL_GNULIB_MDA_GCVT=''
GL_GNULIB_MDA_GETCWD=''
GL_GNULIB_MDA_GETPID=''
GL_GNULIB_MDA_GETW=''
GL_GNULIB_MDA_ISATTY=''
GL_GNULIB_MDA_J0=''
GL_GNULIB_MDA_J1=''
GL_GNULIB_MDA_JN=''
GL_GNULIB_MDA_LSEEK=''
GL_GNULIB_MDA_MEMCCPY=''
GL_GNULIB_MDA_MKDIR=''
GL_GNULIB_MDA_MKTEMP=''
GL_GNULIB_MDA_OPEN=''
GL_GNULIB_MDA_PUTENV=''
GL_GNULIB_MDA_PUTW=''
GL_GNULIB_MDA_READ=''
GL_GNULIB_MDA_RMDIR=''
GL_GNULIB_MDA_STRDUP=''
GL_GNULIB_MDA_SWAB=''
GL_GNULIB_MDA_TEMPNAM=''
GL_GNULIB_MDA_TZSET=''
GL_GNULIB_MDA_UMASK=''
GL_GNULIB_MDA_UNLINK=''
GL_GNULIB_MDA_UTIME=''
GL_GNULIB_MDA_WCSDUP=''
GL_GNULIB_MDA_WRITE=''
GL_GNULIB_MDA_Y0=''
GL_GNULIB_MDA_Y1=''
GL_GNULIB_MDA_YN=''
GL_GNULIB_MEMCHR=''
GL_GNULIB_MEMMEM=''
GL_GNULIB_MEMPCPY=''
GL_GNULIB_MEMRCHR=''
GL_GNULIB_MEMSET_EXPLICIT=''
GL_GNULIB_MKDIR=''
GL_GNULIB_MKDIRAT=''
GL_GNULIB_MKDTEMP=''
GL_GNULIB_MKFIFO=''
GL_GNULIB_MKFIFOAT=''
GL_GNULIB_MKNOD=''
GL_GNULIB_MKNODAT=''
GL_GNULIB_MKOSTEMP=''
GL_GNULIB_MKOSTEMPS=''
GL_GNULIB_MKSTEMP=''
GL_GNULIB_MKSTEMPS=''
GL_GNULIB_MKTIME=''
GL_GNULIB_MODF=''
GL_GNULIB_MODFF=''
GL_GNULIB_MODFL=''
GL_GNULIB_NANOSLEEP=''
GL_GNULIB_NL_LANGINFO=''
GL_GNULIB_NONBLOCKING=''
GL_GNULIB_OBSTACK_PRINTF=''
GL_GNULIB_OBSTACK_PRINTF_POSIX=''
GL_GNULIB_OPEN=''
GL_GNULIB_OPENAT=''
GL_GNULIB_OPENDIR=''
GL_GNULIB_OVERRIDES_STRUCT_STAT=''
GL_GNULIB_PCLOSE=''
GL_GNULIB_PERROR=''
GL_GNULIB_PIPE2=''
GL_GNULIB_PIPE=''
GL_GNULIB_POPEN=''
GL_GNULIB_POSIX_MEMALIGN=''
GL_GNULIB_POSIX_OPENPT=''
GL_GNULIB_POWF=''
GL_GNULIB_PREAD=''
GL_GNULIB_PRINTF=''
GL_GNULIB_PRINTF_POSIX=''
GL_GNULIB_PSELECT=''
GL_GNULIB_PTHREAD_COND=''
GL_GNULIB_PTHREAD_MUTEX=''
GL_GNULIB_PTHREAD_MUTEX_TIMEDLOCK=''
GL_GNULIB_PTHREAD_ONCE=''
GL_GNULIB_PTHREAD_RWLOCK=''
GL_GNULIB_PTHREAD_SIGMASK=''
GL_GNULIB_PTHREAD_SPIN=''
GL_GNULIB_PTHREAD_THREAD=''
GL_GNULIB_PTHREAD_TSS=''
GL_GNULIB_PTSNAME=''
GL_GNULIB_PTSNAME_R=''
GL_GNULIB_PUTC=''
GL_GNULIB_PUTCHAR=''
GL_GNULIB_PUTENV=''
GL_GNULIB_PUTS=''
GL_GNULIB_PWRITE=''
GL_GNULIB_QSORT_R=''
GL_GNULIB_RAISE=''
GL_GNULIB_RAND=''
GL_GNULIB_RANDOM=''
GL_GNULIB_RANDOM_R=''
GL_GNULIB_RAWMEMCHR=''
GL_GNULIB_READ=''
GL_GNULIB_READDIR=''
GL_GNULIB_READLINK=''
GL_GNULIB_READLINKAT=''
GL_GNULIB_REALLOCARRAY=''
GL_GNULIB_REALLOC_GNU=''
GL_GNULIB_REALLOC_POSIX=''
GL_GNULIB_REALPATH=''
GL_GNULIB_RECV=''
GL_GNULIB_RECVFROM=''
GL_GNULIB_REMAINDER=''
GL_GNULIB_REMAINDERF=''
GL_GNULIB_REMAINDERL=''
GL_GNULIB_REMOVE=''
GL_GNULIB_RENAME=''
GL_GNULIB_RENAMEAT=''
GL_GNULIB_REWINDDIR=''
GL_GNULIB_RINT=''
GL_GNULIB_RINTF=''
GL_GNULIB_RINTL=''
GL_GNULIB_RMDIR=''
GL_GNULIB_ROUND=''
GL_GNULIB_ROUNDF=''
GL_GNULIB_ROUNDL=''
GL_GNULIB_RPMATCH=''
GL_GNULIB_SCANDIR=''
GL_GNULIB_SCANF=''
GL_GNULIB_SCHED_YIELD=''
GL_GNULIB_SECURE_GETENV=''
GL_GNULIB_SELECT=''
GL_GNULIB_SEND=''
GL_GNULIB_SENDTO=''
GL_GNULIB_SETENV=''
GL_GNULIB_SETHOSTNAME=''
GL_GNULIB_SETLOCALE=''
GL_GNULIB_SETLOCALE_NULL=''
GL_GNULIB_SETSOCKOPT=''
GL_GNULIB_SHUTDOWN=''
GL_GNULIB_SIGABBREV_NP=''
GL_GNULIB_SIGACTION=''
GL_GNULIB_SIGDESCR_NP=''
GL_GNULIB_SIGNAL_H_SIGPIPE=''
GL_GNULIB_SIGNBIT=''
GL_GNULIB_SIGPROCMASK=''
GL_GNULIB_SINF=''
GL_GNULIB_SINHF=''
GL_GNULIB_SINL=''
GL_GNULIB_SLEEP=''
GL_GNULIB_SNPRINTF=''
GL_GNULIB_SOCKET=''
GL_GNULIB_SPRINTF_POSIX=''
GL_GNULIB_SQRTF=''
GL_GNULIB_SQRTL=''
GL_GNULIB_STAT=''
GL_GNULIB_STDIO_H_NONBLOCKING=''
GL_GNULIB_STDIO_H_SIGPIPE=''
GL_GNULIB_STPCPY=''
GL_GNULIB_STPNCPY=''
GL_GNULIB_STRCASESTR=''
GL_GNULIB_STRCHRNUL=''
GL_GNULIB_STRDUP=''
GL_GNULIB_STRERROR=''
GL_GNULIB_STRERRORNAME_NP=''
GL_GNULIB_STRERROR_R=''
GL_GNULIB_STRFTIME=''
GL_GNULIB_STRNCAT=''
GL_GNULIB_STRNDUP=''
GL_GNULIB_STRNLEN=''
GL_GNULIB_STRPBRK=''
GL_GNULIB_STRPTIME=''
GL_GNULIB_STRSEP=''
GL_GNULIB_STRSIGNAL=''
GL_GNULIB_STRSTR=''
GL_GNULIB_STRTOD=''
GL_GNULIB_STRTOF=''
GL_GNULIB_STRTOIMAX=''
GL_GNULIB_STRTOK_R=''
GL_GNULIB_STRTOL=''
GL_GNULIB_STRTOLD=''
GL_GNULIB_STRTOLL=''
GL_GNULIB_STRTOUL=''
GL_GNULIB_STRTOULL=''
GL_GNULIB_STRTOUMAX=''
GL_GNULIB_STRVERSCMP=''
GL_GNULIB_SYMLINK=''
GL_GNULIB_SYMLINKAT=''
GL_GNULIB_SYSTEM_POSIX=''
GL_GNULIB_TANF=''
GL_GNULIB_TANHF=''
GL_GNULIB_TANL=''
GL_GNULIB_TCGETSID=''
GL_GNULIB_TIME=''
GL_GNULIB_TIMEGM=''
GL_GNULIB_TIMESPEC_GET=''
GL_GNULIB_TIMESPEC_GETRES=''
GL_GNULIB_TIME_R=''
GL_GNULIB_TIME_RZ=''
GL_GNULIB_TMPFILE=''
GL_GNULIB_TOTALORDER=''
GL_GNULIB_TOTALORDERF=''
GL_GNULIB_TOTALORDERL=''
GL_GNULIB_TOWCTRANS=''
GL_GNULIB_TRUNC=''
GL_GNULIB_TRUNCATE=''
GL_GNULIB_TRUNCF=''
GL_GNULIB_TRUNCL=''
GL_GNULIB_TTYNAME_R=''
GL_GNULIB_TZSET=''
GL_GNULIB_UNAME=''
GL_GNULIB_UNICASE_EMPTY_PREFIX_CONTEXT_DLL_VARIABLE=''
GL_GNULIB_UNICASE_EMPTY_SUFFIX_CONTEXT_DLL_VARIABLE=''
GL_GNULIB_UNICTYPE_CATEGORY_CC_DLL_VARIABLE=''
GL_GNULIB_UNICTYPE_CATEGORY_CF_DLL_VARIABLE=''
GL_GNULIB_UNICTYPE_CATEGORY_CN_DLL_VARIABLE=''
GL_GNULIB_UNICTYPE_CATEGORY_CO_DLL_VARIABLE=''
GL_GNULIB_UNICTYPE_CATEGORY_CS_DLL_VARIABLE=''
GL_GNULIB_UNICTYPE_CATEGORY_C_DLL_VARIABLE=''
GL_GNULIB_UNICTYPE_CATEGORY_LC_DLL_VARIABLE=''
GL_GNULIB_UNICTYPE_CATEGORY_LL_DLL_VARIABLE=''
GL_GNULIB_UNICTYPE_CATEGORY_LM_DLL_VARIABLE=''
GL_GNULIB_UNICTYPE_CATEGORY_LO_DLL_VARIABLE=''
GL_GNULIB_UNICTYPE_CATEGORY_LT_DLL_VARIABLE=''
GL_GNULIB_UNICTYPE_CATEGORY_LU_DLL_VARIABLE=''
GL_GNULIB_UNICTYPE_CATEGORY_L_DLL_VARIABLE=''
GL_GNULIB_UNICTYPE_CATEGORY_MC_DLL_VARIABLE=''
GL_GNULIB_UNICTYPE_CATEGORY_ME_DLL_VARIABLE=''
GL_GNULIB_UNICTYPE_CATEGORY_MN_DLL_VARIABLE=''
GL_GNULIB_UNICTYPE_CATEGORY_M_DLL_VARIABLE=''
GL_GNULIB_UNICTYPE_CATEGORY_ND_DLL_VARIABLE=''
GL_GNULIB_UNICTYPE_CATEGORY_NL_DLL_VARIABLE=''
GL_GNULIB_UNICTYPE_CATEGORY_NO_DLL_VARIABLE=''
GL_GNULIB_UNICTYPE_CATEGORY_N_DLL_VARIABLE=''
GL_GNULIB_UNICTYPE_CATEGORY_PC_DLL_VARIABLE=''
GL_GNULIB_UNICTYPE_CATEGORY_PD_DLL_VARIABLE=''
GL_GNULIB_UNICTYPE_CATEGORY_PE_DLL_VARIABLE=''
GL_GNULIB_UNICTYPE_CATEGORY_PF_DLL_VARIABLE=''
GL_GNULIB_UNICTYPE_CATEGORY_PI_DLL_VARIABLE=''
GL_GNULIB_UNICTYPE_CATEGORY_PO_DLL_VARIABLE=''
GL_GNULIB_UNICTYPE_CATEGORY_PS_DLL_VARIABLE=''
GL_GNULIB_UNICTYPE_CATEGORY_P_DLL_VARIABLE=''
GL_GNULIB_UNICTYPE_CATEGORY_SC_DLL_VARIABLE=''
GL_GNULIB_UNICTYPE_CATEGORY_SK_DLL_VARIABLE=''
GL_GNULIB_UNICTYPE_CATEGORY_SM_DLL_VARIABLE=''
GL_GNULIB_UNICTYPE_CATEGORY_SO_DLL_VARIABLE=''
GL_GNULIB_UNICTYPE_CATEGORY_S_DLL_VARIABLE=''
GL_GNULIB_UNICTYPE_CATEGORY_ZL_DLL_VARIABLE=''
GL_GNULIB_UNICTYPE_CATEGORY_ZP_DLL_VARIABLE=''
GL_GNULIB_UNICTYPE_CATEGORY_ZS_DLL_VARIABLE=''
GL_GNULIB_UNICTYPE_CATEGORY_Z_DLL_VARIABLE=''
GL_GNULIB_UNICTYPE_PROPERTY_ALPHABETIC_DLL_VARIABLE=''
GL_GNULIB_UNICTYPE_PROPERTY_ASCII_HEX_DIGIT_DLL_VARIABLE=''
GL_GNULIB_UNICTYPE_PROPERTY_BIDI_ARABIC_DIGIT_DLL_VARIABLE=''
GL_GNULIB_UNICTYPE_PROPERTY_BIDI_ARABIC_RIGHT_TO_LEFT_DLL_VARIABLE=''
GL_GNULIB_UNICTYPE_PROPERTY_BIDI_BLOCK_SEPARATOR_DLL_VARIABLE=''
GL_GNULIB_UNICTYPE_PROPERTY_BIDI_BOUNDARY_NEUTRAL_DLL_VARIABLE=''
GL_GNULIB_UNICTYPE_PROPERTY_BIDI_COMMON_SEPARATOR_DLL_VARIABLE=''
GL_GNULIB_UNICTYPE_PROPERTY_BIDI_CONTROL_DLL_VARIABLE=''
GL_GNULIB_UNICTYPE_PROPERTY_BIDI_EMBEDDING_OR_OVERRIDE_DLL_VARIABLE=''
GL_GNULIB_UNICTYPE_PROPERTY_BIDI_EUROPEAN_DIGIT_DLL_VARIABLE=''
GL_GNULIB_UNICTYPE_PROPERTY_BIDI_EUR_NUM_SEPARATOR_DLL_VARIABLE=''
GL_GNULIB_UNICTYPE_PROPERTY_BIDI_EUR_NUM_TERMINATOR_DLL_VARIABLE=''
GL_GNULIB_UNICTYPE_PROPERTY_BIDI_HEBREW_RIGHT_TO_LEFT_DLL_VARIABLE=''
GL_GNULIB_UNICTYPE_PROPERTY_BIDI_LEFT_TO_RIGHT_DLL_VARIABLE=''
GL_GNULIB_UNICTYPE_PROPERTY_BIDI_NON_SPACING_MARK_DLL_VARIABLE=''
GL_GNULIB_UNICTYPE_PROPERTY_BIDI_OTHER_NEUTRAL_DLL_VARIABLE=''
GL_GNULIB_UNICTYPE_PROPERTY_BIDI_PDF_DLL_VARIABLE=''
GL_GNULIB_UNICTYPE_PROPERTY_BIDI_SEGMENT_SEPARATOR_DLL_VARIABLE=''
GL_GNULIB_UNICTYPE_PROPERTY_BIDI_WHITESPACE_DLL_VARIABLE=''
GL_GNULIB_UNICTYPE_PROPERTY_CASED_DLL_VARIABLE=''
GL_GNULIB_UNICTYPE_PROPERTY_CASE_IGNORABLE_DLL_VARIABLE=''
GL_GNULIB_UNICTYPE_PROPERTY_CHANGES_WHEN_CASEFOLDED_DLL_VARIABLE=''
GL_GNULIB_UNICTYPE_PROPERTY_CHANGES_WHEN_CASEMAPPED_DLL_VARIABLE=''
GL_GNULIB_UNICTYPE_PROPERTY_CHANGES_WHEN_LOWERCASED_DLL_VARIABLE=''
GL_GNULIB_UNICTYPE_PROPERTY_CHANGES_WHEN_TITLECASED_DLL_VARIABLE=''
GL_GNULIB_UNICTYPE_PROPERTY_CHANGES_WHEN_UPPERCASED_DLL_VARIABLE=''
GL_GNULIB_UNICTYPE_PROPERTY_COMBINING_DLL_VARIABLE=''
GL_GNULIB_UNICTYPE_PROPERTY_COMPOSITE_DLL_VARIABLE=''
GL_GNULIB_UNICTYPE_PROPERTY_CURRENCY_SYMBOL_DLL_VARIABLE=''
GL_GNULIB_UNICTYPE_PROPERTY_DASH_DLL_VARIABLE=''
GL_GNULIB_UNICTYPE_PROPERTY_DECIMAL_DIGIT_DLL_VARIABLE=''
GL_GNULIB_UNICTYPE_PROPERTY_DEFAULT_IGNORABLE_CODE_POINT_DLL_VARIABLE=''
GL_GNULIB_UNICTYPE_PROPERTY_DEPRECATED_DLL_VARIABLE=''
GL_GNULIB_UNICTYPE_PROPERTY_DIACRITIC_DLL_VARIABLE=''
GL_GNULIB_UNICTYPE_PROPERTY_EMOJI_COMPONENT_DLL_VARIABLE=''
GL_GNULIB_UNICTYPE_PROPERTY_EMOJI_DLL_VARIABLE=''
GL_GNULIB_UNICTYPE_PROPERTY_EMOJI_MODIFIER_BASE_DLL_VARIABLE=''
GL_GNULIB_UNICTYPE_PROPERTY_EMOJI_MODIFIER_DLL_VARIABLE=''
GL_GNULIB_UNICTYPE_PROPERTY_EMOJI_PRESENTATION_DLL_VARIABLE=''
GL_GNULIB_UNICTYPE_PROPERTY_EXTENDED_PICTOGRAPHIC_DLL_VARIABLE=''
GL_GNULIB_UNICTYPE_PROPERTY_EXTENDER_DLL_VARIABLE=''
GL_GNULIB_UNICTYPE_PROPERTY_FORMAT_CONTROL_DLL_VARIABLE=''
GL_GNULIB_UNICTYPE_PROPERTY_GRAPHEME_BASE_DLL_VARIABLE=''
GL_GNULIB_UNICTYPE_PROPERTY_GRAPHEME_EXTEND_DLL_VARIABLE=''
GL_GNULIB_UNICTYPE_PROPERTY_GRAPHEME_LINK_DLL_VARIABLE=''
GL_GNULIB_UNICTYPE_PROPERTY_HEX_DIGIT_DLL_VARIABLE=''
GL_GNULIB_UNICTYPE_PROPERTY_HYPHEN_DLL_VARIABLE=''
GL_GNULIB_UNICTYPE_PROPERTY_IDEOGRAPHIC_DLL_VARIABLE=''
GL_GNULIB_UNICTYPE_PROPERTY_IDS_BINARY_OPERATOR_DLL_VARIABLE=''
GL_GNULIB_UNICTYPE_PROPERTY_IDS_TRINARY_OPERATOR_DLL_VARIABLE=''
GL_GNULIB_UNICTYPE_PROPERTY_IDS_UNARY_OPERATOR_DLL_VARIABLE=''
GL_GNULIB_UNICTYPE_PROPERTY_ID_COMPAT_MATH_CONTINUE_DLL_VARIABLE=''
GL_GNULIB_UNICTYPE_PROPERTY_ID_COMPAT_MATH_START_DLL_VARIABLE=''
GL_GNULIB_UNICTYPE_PROPERTY_ID_CONTINUE_DLL_VARIABLE=''
GL_GNULIB_UNICTYPE_PROPERTY_ID_START_DLL_VARIABLE=''
GL_GNULIB_UNICTYPE_PROPERTY_IGNORABLE_CONTROL_DLL_VARIABLE=''
GL_GNULIB_UNICTYPE_PROPERTY_ISO_CONTROL_DLL_VARIABLE=''
GL_GNULIB_UNICTYPE_PROPERTY_JOIN_CONTROL_DLL_VARIABLE=''
GL_GNULIB_UNICTYPE_PROPERTY_LEFT_OF_PAIR_DLL_VARIABLE=''
GL_GNULIB_UNICTYPE_PROPERTY_LINE_SEPARATOR_DLL_VARIABLE=''
GL_GNULIB_UNICTYPE_PROPERTY_LOGICAL_ORDER_EXCEPTION_DLL_VARIABLE=''
GL_GNULIB_UNICTYPE_PROPERTY_LOWERCASE_DLL_VARIABLE=''
GL_GNULIB_UNICTYPE_PROPERTY_MATH_DLL_VARIABLE=''
GL_GNULIB_UNICTYPE_PROPERTY_NON_BREAK_DLL_VARIABLE=''
GL_GNULIB_UNICTYPE_PROPERTY_NOT_A_CHARACTER_DLL_VARIABLE=''
GL_GNULIB_UNICTYPE_PROPERTY_NUMERIC_DLL_VARIABLE=''
GL_GNULIB_UNICTYPE_PROPERTY_OTHER_ALPHABETIC_DLL_VARIABLE=''
GL_GNULIB_UNICTYPE_PROPERTY_OTHER_DEFAULT_IGNORABLE_CODE_POINT_DLL_VARIABLE=''
GL_GNULIB_UNICTYPE_PROPERTY_OTHER_GRAPHEME_EXTEND_DLL_VARIABLE=''
GL_GNULIB_UNICTYPE_PROPERTY_OTHER_ID_CONTINUE_DLL_VARIABLE=''
GL_GNULIB_UNICTYPE_PROPERTY_OTHER_ID_START_DLL_VARIABLE=''
GL_GNULIB_UNICTYPE_PROPERTY_OTHER_LOWERCASE_DLL_VARIABLE=''
GL_GNULIB_UNICTYPE_PROPERTY_OTHER_MATH_DLL_VARIABLE=''
GL_GNULIB_UNICTYPE_PROPERTY_OTHER_UPPERCASE_DLL_VARIABLE=''
GL_GNULIB_UNICTYPE_PROPERTY_PAIRED_PUNCTUATION_DLL_VARIABLE=''
GL_GNULIB_UNICTYPE_PROPERTY_PARAGRAPH_SEPARATOR_DLL_VARIABLE=''
GL_GNULIB_UNICTYPE_PROPERTY_PATTERN_SYNTAX_DLL_VARIABLE=''
GL_GNULIB_UNICTYPE_PROPERTY_PATTERN_WHITE_SPACE_DLL_VARIABLE=''
GL_GNULIB_UNICTYPE_PROPERTY_PREPENDED_CONCATENATION_MARK_DLL_VARIABLE=''
GL_GNULIB_UNICTYPE_PROPERTY_PRIVATE_USE_DLL_VARIABLE=''
GL_GNULIB_UNICTYPE_PROPERTY_PUNCTUATION_DLL_VARIABLE=''
GL_GNULIB_UNICTYPE_PROPERTY_QUOTATION_MARK_DLL_VARIABLE=''
GL_GNULIB_UNICTYPE_PROPERTY_RADICAL_DLL_VARIABLE=''
GL_GNULIB_UNICTYPE_PROPERTY_REGIONAL_INDICATOR_DLL_VARIABLE=''
GL_GNULIB_UNICTYPE_PROPERTY_SENTENCE_TERMINAL_DLL_VARIABLE=''
GL_GNULIB_UNICTYPE_PROPERTY_SOFT_DOTTED_DLL_VARIABLE=''
GL_GNULIB_UNICTYPE_PROPERTY_SPACE_DLL_VARIABLE=''
GL_GNULIB_UNICTYPE_PROPERTY_TERMINAL_PUNCTUATION_DLL_VARIABLE=''
GL_GNULIB_UNICTYPE_PROPERTY_TITLECASE_DLL_VARIABLE=''
GL_GNULIB_UNICTYPE_PROPERTY_UNASSIGNED_CODE_VALUE_DLL_VARIABLE=''
GL_GNULIB_UNICTYPE_PROPERTY_UNIFIED_IDEOGRAPH_DLL_VARIABLE=''
GL_GNULIB_UNICTYPE_PROPERTY_UPPERCASE_DLL_VARIABLE=''
GL_GNULIB_UNICTYPE_PROPERTY_VARIATION_SELECTOR_DLL_VARIABLE=''
GL_GNULIB_UNICTYPE_PROPERTY_WHITE_SPACE_DLL_VARIABLE=''
GL_GNULIB_UNICTYPE_PROPERTY_XID_CONTINUE_DLL_VARIABLE=''
GL_GNULIB_UNICTYPE_PROPERTY_XID_START_DLL_VARIABLE=''
GL_GNULIB_UNICTYPE_PROPERTY_ZERO_WIDTH_DLL_VARIABLE=''
GL_GNULIB_UNINORM_NFC_DLL_VARIABLE=''
GL_GNULIB_UNINORM_NFD_DLL_VARIABLE=''
GL_GNULIB_UNINORM_NFKC_DLL_VARIABLE=''
GL_GNULIB_UNINORM_NFKD_DLL_VARIABLE=''
GL_GNULIB_UNISTD_H_GETOPT=''
GL_GNULIB_UNISTD_H_NONBLOCKING=''
GL_GNULIB_UNISTD_H_SIGPIPE=''
GL_GNULIB_UNLINK=''
GL_GNULIB_UNLINKAT=''
GL_GNULIB_UNLOCKPT=''
GL_GNULIB_UNSETENV=''
GL_GNULIB_USLEEP=''
GL_GNULIB_UTIME=''
GL_GNULIB_UTIMENSAT=''
GL_GNULIB_VASPRINTF=''
GL_GNULIB_VDPRINTF=''
GL_GNULIB_VFPRINTF=''
GL_GNULIB_VFPRINTF_POSIX=''
GL_GNULIB_VFSCANF=''
GL_GNULIB_VPRINTF=''
GL_GNULIB_VPRINTF_POSIX=''
GL_GNULIB_VSCANF=''
GL_GNULIB_VSNPRINTF=''
GL_GNULIB_VSPRINTF_POSIX=''
GL_GNULIB_WAITPID=''
GL_GNULIB_WCPCPY=''
GL_GNULIB_WCPNCPY=''
GL_GNULIB_WCRTOMB=''
GL_GNULIB_WCSCASECMP=''
GL_GNULIB_WCSCAT=''
GL_GNULIB_WCSCHR=''
GL_GNULIB_WCSCMP=''
GL_GNULIB_WCSCOLL=''
GL_GNULIB_WCSCPY=''
GL_GNULIB_WCSCSPN=''
GL_GNULIB_WCSDUP=''
GL_GNULIB_WCSFTIME=''
GL_GNULIB_WCSLEN=''
GL_GNULIB_WCSNCASECMP=''
GL_GNULIB_WCSNCAT=''
GL_GNULIB_WCSNCMP=''
GL_GNULIB_WCSNCPY=''
GL_GNULIB_WCSNLEN=''
GL_GNULIB_WCSNRTOMBS=''
GL_GNULIB_WCSPBRK=''
GL_GNULIB_WCSRCHR=''
GL_GNULIB_WCSRTOMBS=''
GL_GNULIB_WCSSPN=''
GL_GNULIB_WCSSTR=''
GL_GNULIB_WCSTOK=''
GL_GNULIB_WCSWIDTH=''
GL_GNULIB_WCSXFRM=''
GL_GNULIB_WCTOB=''
GL_GNULIB_WCTOMB=''
GL_GNULIB_WCTRANS=''
GL_GNULIB_WCTYPE=''
GL_GNULIB_WCWIDTH=''
GL_GNULIB_WGETCWD=''
GL_GNULIB_WMEMCHR=''
GL_GNULIB_WMEMCMP=''
GL_GNULIB_WMEMCPY=''
GL_GNULIB_WMEMMOVE=''
GL_GNULIB_WMEMPCPY=''
GL_GNULIB_WMEMSET=''
GL_GNULIB_WRITE=''
GL_GNULIB__EXIT=''
GMP_H=''
GMSGFMT=''
GMSGFMT_015=''
GNULIBHEADERS_OVERRIDE_CHAR16_T=''
GNULIBHEADERS_OVERRIDE_CHAR32_T=''
GNULIBHEADERS_OVERRIDE_CHAR8_T=''
GNULIBHEADERS_OVERRIDE_WINT_T=''
GNULIB_TEST_WARN_CFLAGS=''
GNULIB_WARN_CFLAGS=''
GREP=''
HARD_LOCALE_LIB=''
HAVE_ACCEPT4=''
HAVE_ACOSF=''
HAVE_ACOSL=''
HAVE_ALIGNED_ALLOC=''
HAVE_ALLOCA_H=''
HAVE_ALPHASORT=''
HAVE_ARPA_INET_H=''
HAVE_ASINF=''
HAVE_ASINL=''
HAVE_ATAN2F=''
HAVE_ATANF=''
HAVE_ATANL=''
HAVE_ATOLL=''
HAVE_BTOWC=''
HAVE_C32RTOMB=''
HAVE_C99_STDINT_H=''
HAVE_CANONICALIZE_FILE_NAME=''
HAVE_CBRT=''
HAVE_CBRTF=''
HAVE_CBRTL=''
HAVE_CHOWN=''
HAVE_CLOSEDIR=''
HAVE_COPYSIGN=''
HAVE_COPYSIGNL=''
HAVE_COPY_FILE_RANGE=''
HAVE_COSF=''
HAVE_COSHF=''
HAVE_COSL=''
HAVE_CRTDEFS_H=''
HAVE_DECL_ACOSL=''
HAVE_DECL_ASINL=''
HAVE_DECL_ATANL=''
HAVE_DECL_CBRTF=''
HAVE_DECL_CBRTL=''
HAVE_DECL_CEILF=''
HAVE_DECL_CEILL=''
HAVE_DECL_COPYSIGNF=''
HAVE_DECL_COSL=''
HAVE_DECL_DIRFD=''
HAVE_DECL_ECVT=''
HAVE_DECL_ENVIRON=''
HAVE_DECL_EXECVPE=''
HAVE_DECL_EXP2=''
HAVE_DECL_EXP2F=''
HAVE_DECL_EXP2L=''
HAVE_DECL_EXPL=''
HAVE_DECL_EXPM1L=''
HAVE_DECL_FCHDIR=''
HAVE_DECL_FCLOSEALL=''
HAVE_DECL_FCVT=''
HAVE_DECL_FDATASYNC=''
HAVE_DECL_FDOPENDIR=''
HAVE_DECL_FLOORF=''
HAVE_DECL_FLOORL=''
HAVE_DECL_FPURGE=''
HAVE_DECL_FREEADDRINFO=''
HAVE_DECL_FREXPL=''
HAVE_DECL_FSEEKO=''
HAVE_DECL_FTELLO=''
HAVE_DECL_GAI_STRERROR=''
HAVE_DECL_GCVT=''
HAVE_DECL_GETADDRINFO=''
HAVE_DECL_GETDELIM=''
HAVE_DECL_GETDOMAINNAME=''
HAVE_DECL_GETLINE=''
HAVE_DECL_GETLOADAVG=''
HAVE_DECL_GETLOGIN=''
HAVE_DECL_GETLOGIN_R=''
HAVE_DECL_GETNAMEINFO=''
HAVE_DECL_GETPAGESIZE=''
HAVE_DECL_GETUSERSHELL=''
HAVE_DECL_GETW=''
HAVE_DECL_IMAXABS=''
HAVE_DECL_IMAXDIV=''
HAVE_DECL_INET_NTOP=''
HAVE_DECL_INET_PTON=''
HAVE_DECL_INITSTATE=''
HAVE_DECL_LDEXPL=''
HAVE_DECL_LOCALTIME_R=''
HAVE_DECL_LOG10L=''
HAVE_DECL_LOG2=''
HAVE_DECL_LOG2F=''
HAVE_DECL_LOG2L=''
HAVE_DECL_LOGB=''
HAVE_DECL_LOGL=''
HAVE_DECL_MEMMEM=''
HAVE_DECL_MEMRCHR=''
HAVE_DECL_OBSTACK_PRINTF=''
HAVE_DECL_PROGRAM_INVOCATION_NAME=''
HAVE_DECL_PUTW=''
HAVE_DECL_REMAINDER=''
HAVE_DECL_REMAINDERL=''
HAVE_DECL_RINTF=''
HAVE_DECL_ROUND=''
HAVE_DECL_ROUNDF=''
HAVE_DECL_ROUNDL=''
HAVE_DECL_SETENV=''
HAVE_DECL_SETHOSTNAME=''
HAVE_DECL_SETSTATE=''
HAVE_DECL_SINL=''
HAVE_DECL_SNPRINTF=''
HAVE_DECL_SQRTL=''
HAVE_DECL_STRDUP=''
HAVE_DECL_STRERROR_R=''
HAVE_DECL_STRNDUP=''
HAVE_DECL_STRNLEN=''
HAVE_DECL_STRSIGNAL=''
HAVE_DECL_STRTOIMAX=''
HAVE_DECL_STRTOK_R=''
HAVE_DECL_STRTOUMAX=''
HAVE_DECL_TANL=''
HAVE_DECL_TCGETSID=''
HAVE_DECL_TRUNC=''
HAVE_DECL_TRUNCATE=''
HAVE_DECL_TRUNCF=''
HAVE_DECL_TRUNCL=''
HAVE_DECL_TTYNAME_R=''
HAVE_DECL_UNSETENV=''
HAVE_DECL_VSNPRINTF=''
HAVE_DECL_WCSDUP=''
HAVE_DECL_WCTOB=''
HAVE_DECL_WCWIDTH=''
HAVE_DIRENT_H=''
HAVE_DPRINTF=''
HAVE_DUP3=''
HAVE_DUPLOCALE=''
HAVE_ERROR=''
HAVE_ERROR_AT_LINE=''
HAVE_ERROR_H=''
HAVE_EUIDACCESS=''
HAVE_EXECVPE=''
HAVE_EXPF=''
HAVE_EXPL=''
HAVE_EXPLICIT_BZERO=''
HAVE_EXPM1=''
HAVE_EXPM1F=''
HAVE_FABSF=''
HAVE_FABSL=''
HAVE_FACCESSAT=''
HAVE_FCHDIR=''
HAVE_FCHMODAT=''
HAVE_FCHOWNAT=''
HAVE_FCNTL=''
HAVE_FDATASYNC=''
HAVE_FDOPENDIR=''
HAVE_FEATURES_H=''
HAVE_FFSL=''
HAVE_FFSLL=''
HAVE_FMA=''
HAVE_FMAF=''
HAVE_FMAL=''
HAVE_FMODF=''
HAVE_FMODL=''
HAVE_FNMATCH=''
HAVE_FNMATCH_H=''
HAVE_FREELOCALE=''
HAVE_FREXPF=''
HAVE_FSEEKO=''
HAVE_FSTATAT=''
HAVE_FSYNC=''
HAVE_FTELLO=''
HAVE_FTRUNCATE=''
HAVE_FUTIMENS=''
HAVE_GETDTABLESIZE=''
HAVE_GETENTROPY=''
HAVE_GETGROUPS=''
HAVE_GETHOSTNAME=''
HAVE_GETLOGIN=''
HAVE_GETOPT_H=''
HAVE_GETPAGESIZE=''
HAVE_GETPASS=''
HAVE_GETPROGNAME=''
HAVE_GETRANDOM=''
HAVE_GETRUSAGE=''
HAVE_GETSUBOPT=''
HAVE_GETTIMEOFDAY=''
HAVE_GETUMASK=''
HAVE_GRANTPT=''
HAVE_GROUP_MEMBER=''
HAVE_HYPOTF=''
HAVE_HYPOTL=''
HAVE_ILOGB=''
HAVE_ILOGBF=''
HAVE_ILOGBL=''
HAVE_IMAXABS=''
HAVE_IMAXDIV=''
HAVE_IMAXDIV_T=''
HAVE_INITSTATE=''
HAVE_INTTYPES_H=''
HAVE_ISBLANK=''
HAVE_ISNAND=''
HAVE_ISNANF=''
HAVE_ISNANL=''
HAVE_ISWBLANK=''
HAVE_ISWCNTRL=''
HAVE_LANGINFO_ALTMON=''
HAVE_LANGINFO_CODESET=''
HAVE_LANGINFO_ERA=''
HAVE_LANGINFO_H=''
HAVE_LANGINFO_T_FMT_AMPM=''
HAVE_LANGINFO_YESEXPR=''
HAVE_LCHMOD=''
HAVE_LCHOWN=''
HAVE_LDEXPF=''
HAVE_LIBGMP=''
HAVE_LINK=''
HAVE_LINKAT=''
HAVE_LOG10F=''
HAVE_LOG10L=''
HAVE_LOG1P=''
HAVE_LOG1PF=''
HAVE_LOG1PL=''
HAVE_LOGBF=''
HAVE_LOGBL=''
HAVE_LOGF=''
HAVE_LOGL=''
HAVE_LSTAT=''
HAVE_MAX_ALIGN_T=''
HAVE_MBRLEN=''
HAVE_MBRTOC16=''
HAVE_MBRTOC32=''
HAVE_MBRTOWC=''
HAVE_MBSINIT=''
HAVE_MBSLEN=''
HAVE_MBSNRTOWCS=''
HAVE_MBSRTOWCS=''
HAVE_MBTOWC=''
HAVE_MEMPCPY=''
HAVE_MEMSET_EXPLICIT=''
HAVE_MKDIRAT=''
HAVE_MKDTEMP=''
HAVE_MKFIFO=''
HAVE_MKFIFOAT=''
HAVE_MKNOD=''
HAVE_MKNODAT=''
HAVE_MKOSTEMP=''
HAVE_MKOSTEMPS=''
HAVE_MKSTEMP=''
HAVE_MKSTEMPS=''
HAVE_MODFF=''
HAVE_MODFL=''
HAVE_MSVC_INVALID_PARAMETER_HANDLER=''
HAVE_NANOSLEEP=''
HAVE_NETDB_H=''
HAVE_NETINET_IN_H=''
HAVE_NEWLOCALE=''
HAVE_NL_LANGINFO=''
HAVE_OPENAT=''
HAVE_OPENDIR=''
HAVE_OS_H=''
HAVE_PCLOSE=''
HAVE_PERL_FALSE=''
HAVE_PERL_TRUE=''
HAVE_PIPE2=''
HAVE_PIPE=''
HAVE_POPEN=''
HAVE_POSIX_MEMALIGN=''
HAVE_POSIX_OPENPT=''
HAVE_POSIX_SIGNALBLOCKING=''
HAVE_POWF=''
HAVE_PREAD=''
HAVE_PSELECT=''
HAVE_PTHREAD_ATTR_DESTROY=''
HAVE_PTHREAD_ATTR_GETDETACHSTATE=''
HAVE_PTHREAD_ATTR_INIT=''
HAVE_PTHREAD_ATTR_SETDETACHSTATE=''
HAVE_PTHREAD_CONDATTR_DESTROY=''
HAVE_PTHREAD_CONDATTR_INIT=''
HAVE_PTHREAD_COND_BROADCAST=''
HAVE_PTHREAD_COND_DESTROY=''
HAVE_PTHREAD_COND_INIT=''
HAVE_PTHREAD_COND_SIGNAL=''
HAVE_PTHREAD_COND_TIMEDWAIT=''
HAVE_PTHREAD_COND_WAIT=''
HAVE_PTHREAD_CREATE=''
HAVE_PTHREAD_CREATE_DETACHED=''
HAVE_PTHREAD_DETACH=''
HAVE_PTHREAD_EQUAL=''
HAVE_PTHREAD_EXIT=''
HAVE_PTHREAD_GETSPECIFIC=''
HAVE_PTHREAD_H=''
HAVE_PTHREAD_JOIN=''
HAVE_PTHREAD_KEY_CREATE=''
HAVE_PTHREAD_KEY_DELETE=''
HAVE_PTHREAD_MUTEXATTR_DESTROY=''
HAVE_PTHREAD_MUTEXATTR_GETROBUST=''
HAVE_PTHREAD_MUTEXATTR_GETTYPE=''
HAVE_PTHREAD_MUTEXATTR_INIT=''
HAVE_PTHREAD_MUTEXATTR_SETROBUST=''
HAVE_PTHREAD_MUTEXATTR_SETTYPE=''
HAVE_PTHREAD_MUTEX_DESTROY=''
HAVE_PTHREAD_MUTEX_INIT=''
HAVE_PTHREAD_MUTEX_LOCK=''
HAVE_PTHREAD_MUTEX_RECURSIVE=''
HAVE_PTHREAD_MUTEX_ROBUST=''
HAVE_PTHREAD_MUTEX_TIMEDLOCK=''
HAVE_PTHREAD_MUTEX_TRYLOCK=''
HAVE_PTHREAD_MUTEX_UNLOCK=''
HAVE_PTHREAD_ONCE=''
HAVE_PTHREAD_PROCESS_SHARED=''
HAVE_PTHREAD_RWLOCKATTR_DESTROY=''
HAVE_PTHREAD_RWLOCKATTR_INIT=''
HAVE_PTHREAD_RWLOCK_DESTROY=''
HAVE_PTHREAD_RWLOCK_INIT=''
HAVE_PTHREAD_RWLOCK_RDLOCK=''
HAVE_PTHREAD_RWLOCK_TIMEDRDLOCK=''
HAVE_PTHREAD_RWLOCK_TIMEDWRLOCK=''
HAVE_PTHREAD_RWLOCK_TRYRDLOCK=''
HAVE_PTHREAD_RWLOCK_TRYWRLOCK=''
HAVE_PTHREAD_RWLOCK_UNLOCK=''
HAVE_PTHREAD_RWLOCK_WRLOCK=''
HAVE_PTHREAD_SELF=''
HAVE_PTHREAD_SETSPECIFIC=''
HAVE_PTHREAD_SIGMASK=''
HAVE_PTHREAD_SPINLOCK_T=''
HAVE_PTHREAD_SPIN_DESTROY=''
HAVE_PTHREAD_SPIN_INIT=''
HAVE_PTHREAD_SPIN_LOCK=''
HAVE_PTHREAD_SPIN_TRYLOCK=''
HAVE_PTHREAD_SPIN_UNLOCK=''
HAVE_PTHREAD_T=''
HAVE_PTSNAME=''
HAVE_PTSNAME_R=''
HAVE_PWRITE=''
HAVE_QSORT_R=''
HAVE_RAISE=''
HAVE_RANDOM=''
HAVE_RANDOM_H=''
HAVE_RANDOM_R=''
HAVE_RAWMEMCHR=''
HAVE_READDIR=''
HAVE_READLINK=''
HAVE_READLINKAT=''
HAVE_REALLOCARRAY=''
HAVE_REALPATH=''
HAVE_REMAINDER=''
HAVE_REMAINDERF=''
HAVE_RENAMEAT=''
HAVE_REWINDDIR=''
HAVE_RINT=''
HAVE_RINTL=''
HAVE_RPMATCH=''
HAVE_SAME_LONG_DOUBLE_AS_DOUBLE=''
HAVE_SA_FAMILY_T=''
HAVE_SCANDIR=''
HAVE_SCHED_H=''
HAVE_SCHED_YIELD=''
HAVE_SECURE_GETENV=''
HAVE_SELINUX_SELINUX_H=''
HAVE_SETENV=''
HAVE_SETHOSTNAME=''
HAVE_SETSTATE=''
HAVE_SIGABBREV_NP=''
HAVE_SIGACTION=''
HAVE_SIGDESCR_NP=''
HAVE_SIGHANDLER_T=''
HAVE_SIGINFO_T=''
HAVE_SIGNED_SIG_ATOMIC_T=''
HAVE_SIGNED_WCHAR_T=''
HAVE_SIGNED_WINT_T=''
HAVE_SIGSET_T=''
HAVE_SINF=''
HAVE_SINHF=''
HAVE_SINL=''
HAVE_SLEEP=''
HAVE_SQRTF=''
HAVE_SQRTL=''
HAVE_STDINT_H=''
HAVE_STPCPY=''
HAVE_STPNCPY=''
HAVE_STRCASESTR=''
HAVE_STRCHRNUL=''
HAVE_STRERRORNAME_NP=''
HAVE_STRPBRK=''
HAVE_STRPTIME=''
HAVE_STRSEP=''
HAVE_STRTOD=''
HAVE_STRTOF=''
HAVE_STRTOL=''
HAVE_STRTOLD=''
HAVE_STRTOLL=''
HAVE_STRTOUL=''
HAVE_STRTOULL=''
HAVE_STRUCT_ADDRINFO=''
HAVE_STRUCT_RANDOM_DATA=''
HAVE_STRUCT_SCHED_PARAM=''
HAVE_STRUCT_SIGACTION_SA_SIGACTION=''
HAVE_STRUCT_SOCKADDR_STORAGE=''
HAVE_STRUCT_SOCKADDR_STORAGE_SS_FAMILY=''
HAVE_STRUCT_TIMEVAL=''
HAVE_STRUCT_UTSNAME=''
HAVE_STRVERSCMP=''
HAVE_SYMLINK=''
HAVE_SYMLINKAT=''
HAVE_SYS_BITYPES_H=''
HAVE_SYS_CDEFS_H=''
HAVE_SYS_INTTYPES_H=''
HAVE_SYS_IOCTL_H=''
HAVE_SYS_LOADAVG_H=''
HAVE_SYS_PARAM_H=''
HAVE_SYS_RANDOM_H=''
HAVE_SYS_RESOURCE_H=''
HAVE_SYS_SELECT_H=''
HAVE_SYS_SOCKET_H=''
HAVE_SYS_TIME_H=''
HAVE_SYS_TYPES_H=''
HAVE_SYS_UIO_H=''
HAVE_SYS_UTSNAME_H=''
HAVE_TANF=''
HAVE_TANHF=''
HAVE_TANL=''
HAVE_TERMIOS_H=''
HAVE_TIMEGM=''
HAVE_TIMESPEC_GET=''
HAVE_TIMESPEC_GETRES=''
HAVE_TIMEZONE_T=''
HAVE_TOTALORDER=''
HAVE_TOTALORDERF=''
HAVE_TOTALORDERL=''
HAVE_TYPE_VOLATILE_SIG_ATOMIC_T=''
HAVE_UCHAR_H=''
HAVE_UNAME=''
HAVE_UNISTD_H=''
HAVE_UNISTRING_WOE32DLL_H=''
HAVE_UNLINKAT=''
HAVE_UNLOCKPT=''
HAVE_USLEEP=''
HAVE_UTIME=''
HAVE_UTIMENSAT=''
HAVE_UTIME_H=''
HAVE_VASPRINTF=''
HAVE_VDPRINTF=''
HAVE_VISIBILITY=''
HAVE_WCHAR_H=''
HAVE_WCHAR_T=''
HAVE_WCPCPY=''
HAVE_WCPNCPY=''
HAVE_WCRTOMB=''
HAVE_WCSCASECMP=''
HAVE_WCSCAT=''
HAVE_WCSCHR=''
HAVE_WCSCMP=''
HAVE_WCSCOLL=''
HAVE_WCSCPY=''
HAVE_WCSCSPN=''
HAVE_WCSDUP=''
HAVE_WCSFTIME=''
HAVE_WCSLEN=''
HAVE_WCSNCASECMP=''
HAVE_WCSNCAT=''
HAVE_WCSNCMP=''
HAVE_WCSNCPY=''
HAVE_WCSNLEN=''
HAVE_WCSNRTOMBS=''
HAVE_WCSPBRK=''
HAVE_WCSRCHR=''
HAVE_WCSRTOMBS=''
HAVE_WCSSPN=''
HAVE_WCSSTR=''
HAVE_WCSTOK=''
HAVE_WCSWIDTH=''
HAVE_WCSXFRM=''
HAVE_WCTRANS_T=''
HAVE_WCTYPE_H=''
HAVE_WCTYPE_T=''
HAVE_WINSOCK2_H=''
HAVE_WINT_T=''
HAVE_WMEMCHR=''
HAVE_WMEMCMP=''
HAVE_WMEMCPY=''
HAVE_WMEMMOVE=''
HAVE_WMEMPCPY=''
HAVE_WMEMSET=''
HAVE_WORKING_MBRTOC32=''
HAVE_WS2TCPIP_H=''
HAVE_XLOCALE_H=''
HAVE__EXIT=''
HELP2MAN=''
HOSTENT_LIB=''
ICONV_CONST=''
ICONV_H=''
IGNORE_UNUSED_LIBRARIES_CFLAGS=''
INCLUDE_NEXT=''
INCLUDE_NEXT_AS_FIRST_DIRECTIVE=''
INET_NTOP_LIB=''
INET_PTON_LIB=''
INSTALL_DATA='${INSTALL} -m 644'
INSTALL_PROGRAM='${INSTALL}'
INSTALL_SCRIPT='${INSTALL}'
INSTALL_STRIP_PROGRAM='$(install_sh) -c -s'
INT32_MAX_LT_INTMAX_MAX=''
INT64_MAX_EQ_LONG_MAX=''
INTLLIBS=''
INTL_MACOSX_LIBS=''
LC_COLLATE_IMPLEMENTED=''
LC_MONETARY_IMPLEMENTED=''
LC_NUMERIC_IMPLEMENTED=''
LC_TIME_IMPLEMENTED=''
LDFLAGS=''
LIBCOREUTILS_LIBDEPS=''
LIBCOREUTILS_LTLIBDEPS=''
LIBGMP=''
LIBGMP_PREFIX=''
LIBICONV=''
LIBINTL=''
LIBMULTITHREAD=''
LIBOBJS=''
LIBPMULTITHREAD=''
LIBPTHREAD=''
LIBS=''
LIBSOCKET=''
LIBSTDTHREAD=''
LIBTESTS_LIBDEPS=''
LIBTHREAD=''
LIBUNISTRING_COMPILE_UNICASE_TOLOWER_FALSE=''
LIBUNISTRING_COMPILE_UNICASE_TOLOWER_TRUE=''
LIBUNISTRING_COMPILE_UNICTYPE_CTYPE_ALNUM_FALSE=''
LIBUNISTRING_COMPILE_UNICTYPE_CTYPE_ALNUM_TRUE=''
LIBUNISTRING_COMPILE_UNICTYPE_CTYPE_ALPHA_FALSE=''
LIBUNISTRING_COMPILE_UNICTYPE_CTYPE_ALPHA_TRUE=''
LIBUNISTRING_COMPILE_UNICTYPE_CTYPE_BLANK_FALSE=''
LIBUNISTRING_COMPILE_UNICTYPE_CTYPE_BLANK_TRUE=''
LIBUNISTRING_COMPILE_UNICTYPE_CTYPE_CNTRL_FALSE=''
LIBUNISTRING_COMPILE_UNICTYPE_CTYPE_CNTRL_TRUE=''
LIBUNISTRING_COMPILE_UNICTYPE_CTYPE_DIGIT_FALSE=''
LIBUNISTRING_COMPILE_UNICTYPE_CTYPE_DIGIT_TRUE=''
LIBUNISTRING_COMPILE_UNICTYPE_CTYPE_GRAPH_FALSE=''
LIBUNISTRING_COMPILE_UNICTYPE_CTYPE_GRAPH_TRUE=''
LIBUNISTRING_COMPILE_UNICTYPE_CTYPE_LOWER_FALSE=''
LIBUNISTRING_COMPILE_UNICTYPE_CTYPE_LOWER_TRUE=''
LIBUNISTRING_COMPILE_UNICTYPE_CTYPE_PRINT_FALSE=''
LIBUNISTRING_COMPILE_UNICTYPE_CTYPE_PRINT_TRUE=''
LIBUNISTRING_COMPILE_UNICTYPE_CTYPE_PUNCT_FALSE=''
LIBUNISTRING_COMPILE_UNICTYPE_CTYPE_PUNCT_TRUE=''
LIBUNISTRING_COMPILE_UNICTYPE_CTYPE_SPACE_FALSE=''
LIBUNISTRING_COMPILE_UNICTYPE_CTYPE_SPACE_TRUE=''
LIBUNISTRING_COMPILE_UNICTYPE_CTYPE_UPPER_FALSE=''
LIBUNISTRING_COMPILE_UNICTYPE_CTYPE_UPPER_TRUE=''
LIBUNISTRING_COMPILE_UNICTYPE_CTYPE_XDIGIT_FALSE=''
LIBUNISTRING_COMPILE_UNICTYPE_CTYPE_XDIGIT_TRUE=''
LIBUNISTRING_COMPILE_UNISTR_U32_CHR_FALSE=''
LIBUNISTRING_COMPILE_UNISTR_U32_CHR_TRUE=''
LIBUNISTRING_COMPILE_UNISTR_U32_CPY_FALSE=''
LIBUNISTRING_COMPILE_UNISTR_U32_CPY_TRUE=''
LIBUNISTRING_COMPILE_UNISTR_U32_PCPY_FALSE=''
LIBUNISTRING_COMPILE_UNISTR_U32_PCPY_TRUE=''
LIBUNISTRING_COMPILE_UNISTR_U32_SET_FALSE=''
LIBUNISTRING_COMPILE_UNISTR_U32_SET_TRUE=''
LIBUNISTRING_COMPILE_UNISTR_U32_STRCAT_FALSE=''
LIBUNISTRING_COMPILE_UNISTR_U32_STRCAT_TRUE=''
LIBUNISTRING_COMPILE_UNISTR_U32_STRLEN_FALSE=''
LIBUNISTRING_COMPILE_UNISTR_U32_STRLEN_TRUE=''
LIBUNISTRING_COMPILE_UNISTR_U8_MBTOUCR_FALSE=''
LIBUNISTRING_COMPILE_UNISTR_U8_MBTOUCR_TRUE=''
LIBUNISTRING_COMPILE_UNISTR_U8_UCTOMB_FALSE=''
LIBUNISTRING_COMPILE_UNISTR_U8_UCTOMB_TRUE=''
LIBUNISTRING_COMPILE_UNIWIDTH_WIDTH_FALSE=''
LIBUNISTRING_COMPILE_UNIWIDTH_WIDTH_TRUE=''
LIBUNISTRING_UNICASE_H=''
LIBUNISTRING_UNICTYPE_H=''
LIBUNISTRING_UNINORM_H=''
LIBUNISTRING_UNISTR_H=''
LIBUNISTRING_UNITYPES_H=''
LIBUNISTRING_UNIWIDTH_H=''
LIB_ACL=''
LIB_CAP=''
LIB_CLOCK_GETTIME=''
LIB_CRYPTO=''
LIB_DL=''
LIB_EACCESS=''
LIB_FDATASYNC=''
LIB_GETHRXTIME=''
LIB_GETLOGIN=''
LIB_GETRANDOM=''
LIB_HARD_LOCALE=''
LIB_MBRTOWC=''
LIB_NANOSLEEP=''
LIB_NL_LANGINFO=''
LIB_NVPAIR=''
LIB_PTHREAD=''
LIB_PTHREAD_SIGMASK=''
LIB_SCHED_YIELD=''
LIB_SELECT=''
LIB_SELINUX=''
LIB_SEMAPHORE=''
LIB_SETLOCALE=''
LIB_SETLOCALE_NULL=''
LIB_SMACK=''
LIB_TIMER_TIME=''
LIB_XATTR=''
LIMITS_H=''
LN_S=''
LOCALCHARSET_TESTS_ENVIRONMENT=''
LOCALENAME_ENHANCE_LOCALE_FUNCS=''
LOCALE_FR=''
LOCALE_FR_UTF8=''
LOCALE_JA=''
LOCALE_TR_UTF8=''
LOCALE_ZH_CN=''
LTLIBGMP=''
LTLIBICONV=''
LTLIBINTL=''
LTLIBMULTITHREAD=''
LTLIBOBJS=''
LTLIBTHREAD=''
MAKEINFO='${SHELL} '\''/data/data/com.termux/files/home/Oalie/coreutils-9.5/coreutils-9.5/build-aux/missing'\'' makeinfo'
MAN=''
MBRTOWC_LIB=''
MKDIR_P='/data/data/com.termux/files/usr/bin/mkdir -p'
MSGFMT=''
MSGFMT_015=''
MSGMERGE=''
NANOSLEEP_LIB=''
NETINET_IN_H=''
NEXT_ARPA_INET_H=''
NEXT_ASSERT_H=''
NEXT_AS_FIRST_DIRECTIVE_ARPA_INET_H=''
NEXT_AS_FIRST_DIRECTIVE_ASSERT_H=''
NEXT_AS_FIRST_DIRECTIVE_CTYPE_H=''
NEXT_AS_FIRST_DIRECTIVE_DIRENT_H=''
NEXT_AS_FIRST_DIRECTIVE_ERRNO_H=''
NEXT_AS_FIRST_DIRECTIVE_ERROR_H=''
NEXT_AS_FIRST_DIRECTIVE_FCNTL_H=''
NEXT_AS_FIRST_DIRECTIVE_FLOAT_H=''
NEXT_AS_FIRST_DIRECTIVE_FNMATCH_H=''
NEXT_AS_FIRST_DIRECTIVE_GETOPT_H=''
NEXT_AS_FIRST_DIRECTIVE_ICONV_H=''
NEXT_AS_FIRST_DIRECTIVE_INTTYPES_H=''
NEXT_AS_FIRST_DIRECTIVE_LANGINFO_H=''
NEXT_AS_FIRST_DIRECTIVE_LIMITS_H=''
NEXT_AS_FIRST_DIRECTIVE_LOCALE_H=''
NEXT_AS_FIRST_DIRECTIVE_MATH_H=''
NEXT_AS_FIRST_DIRECTIVE_NETDB_H=''
NEXT_AS_FIRST_DIRECTIVE_NETINET_IN_H=''
NEXT_AS_FIRST_DIRECTIVE_PTHREAD_H=''
NEXT_AS_FIRST_DIRECTIVE_SCHED_H=''
NEXT_AS_FIRST_DIRECTIVE_SELINUX_SELINUX_H=''
NEXT_AS_FIRST_DIRECTIVE_SIGNAL_H=''
NEXT_AS_FIRST_DIRECTIVE_STDARG_H=''
NEXT_AS_FIRST_DIRECTIVE_STDDEF_H=''
NEXT_AS_FIRST_DIRECTIVE_STDINT_H=''
NEXT_AS_FIRST_DIRECTIVE_STDIO_H=''
NEXT_AS_FIRST_DIRECTIVE_STDLIB_H=''
NEXT_AS_FIRST_DIRECTIVE_STRING_H=''
NEXT_AS_FIRST_DIRECTIVE_SYS_IOCTL_H=''
NEXT_AS_FIRST_DIRECTIVE_SYS_RANDOM_H=''
NEXT_AS_FIRST_DIRECTIVE_SYS_RESOURCE_H=''
NEXT_AS_FIRST_DIRECTIVE_SYS_SELECT_H=''
NEXT_AS_FIRST_DIRECTIVE_SYS_SOCKET_H=''
NEXT_AS_FIRST_DIRECTIVE_SYS_STAT_H=''
NEXT_AS_FIRST_DIRECTIVE_SYS_TIME_H=''
NEXT_AS_FIRST_DIRECTIVE_SYS_TYPES_H=''
NEXT_AS_FIRST_DIRECTIVE_SYS_UIO_H=''
NEXT_AS_FIRST_DIRECTIVE_SYS_UTSNAME_H=''
NEXT_AS_FIRST_DIRECTIVE_SYS_WAIT_H=''
NEXT_AS_FIRST_DIRECTIVE_TERMIOS_H=''
NEXT_AS_FIRST_DIRECTIVE_TIME_H=''
NEXT_AS_FIRST_DIRECTIVE_UCHAR_H=''
NEXT_AS_FIRST_DIRECTIVE_UNISTD_H=''
NEXT_AS_FIRST_DIRECTIVE_UTIME_H=''
NEXT_AS_FIRST_DIRECTIVE_WCHAR_H=''
NEXT_AS_FIRST_DIRECTIVE_WCTYPE_H=''
NEXT_CTYPE_H=''
NEXT_DIRENT_H=''
NEXT_ERRNO_H=''
NEXT_ERROR_H=''
NEXT_FCNTL_H=''
NEXT_FLOAT_H=''
NEXT_FNMATCH_H=''
NEXT_GETOPT_H=''
NEXT_ICONV_H=''
NEXT_INTTYPES_H=''
NEXT_LANGINFO_H=''
NEXT_LIMITS_H=''
NEXT_LOCALE_H=''
NEXT_MATH_H=''
NEXT_NETDB_H=''
NEXT_NETINET_IN_H=''
NEXT_PTHREAD_H=''
NEXT_SCHED_H=''
NEXT_SELINUX_SELINUX_H=''
NEXT_SIGNAL_H=''
NEXT_STDARG_H=''
NEXT_STDDEF_H=''
NEXT_STDINT_H=''
NEXT_STDIO_H=''
NEXT_STDLIB_H=''
NEXT_STRING_H=''
NEXT_SYS_IOCTL_H=''
NEXT_SYS_RANDOM_H=''
NEXT_SYS_RESOURCE_H=''
NEXT_SYS_SELECT_H=''
NEXT_SYS_SOCKET_H=''
NEXT_SYS_STAT_H=''
NEXT_SYS_TIME_H=''
NEXT_SYS_TYPES_H=''
NEXT_SYS_UIO_H=''
NEXT_SYS_UTSNAME_H=''
NEXT_SYS_WAIT_H=''
NEXT_TERMIOS_H=''
NEXT_TIME_H=''
NEXT_UCHAR_H=''
NEXT_UNISTD_H=''
NEXT_UTIME_H=''
NEXT_WCHAR_H=''
NEXT_WCTYPE_H=''
OBJEXT=''
OBSTACK_H=''
PACKAGE='coreutils'
PACKAGE_BUGREPORT='bug-coreutils@gnu.org'
PACKAGE_NAME='GNU coreutils'
PACKAGE_STRING='GNU coreutils 9.5'
PACKAGE_TARNAME='coreutils'
PACKAGE_URL='https://www.gnu.org/software/coreutils/'
PACKAGE_VERSION='9.5'
PARSE_DATETIME_BISON=''
PATH_SEPARATOR=':'
PERL=''
POSIX_SHELL=''
POSUB=''
PRAGMA_COLUMNS=''
PRAGMA_SYSTEM_HEADER=''
PREFERABLY_POSIX_SHELL=''
PRIPTR_PREFIX=''
PTHREAD_H_DEFINES_STRUCT_TIMESPEC=''
PTHREAD_SIGMASK_LIB=''
PTRDIFF_T_SUFFIX=''
QCOPY_ACL_LIB=''
RANLIB=''
READUTMP_LIB=''
REPLACE_ACCESS=''
REPLACE_ACOSF=''
REPLACE_ALIGNED_ALLOC=''
REPLACE_ASINF=''
REPLACE_ATAN2F=''
REPLACE_ATANF=''
REPLACE_BTOWC=''
REPLACE_C32RTOMB=''
REPLACE_CALLOC_FOR_CALLOC_GNU=''
REPLACE_CALLOC_FOR_CALLOC_POSIX=''
REPLACE_CANONICALIZE_FILE_NAME=''
REPLACE_CBRTF=''
REPLACE_CBRTL=''
REPLACE_CEIL=''
REPLACE_CEILF=''
REPLACE_CEILL=''
REPLACE_CHMOD=''
REPLACE_CHOWN=''
REPLACE_CLOSE=''
REPLACE_CLOSEDIR=''
REPLACE_COPY_FILE_RANGE=''
REPLACE_COSF=''
REPLACE_COSHF=''
REPLACE_CREAT=''
REPLACE_CTIME=''
REPLACE_DIRFD=''
REPLACE_DPRINTF=''
REPLACE_DUP2=''
REPLACE_DUP3=''
REPLACE_DUP=''
REPLACE_DUPLOCALE=''
REPLACE_ERROR=''
REPLACE_ERROR_AT_LINE=''
REPLACE_EXECL=''
REPLACE_EXECLE=''
REPLACE_EXECLP=''
REPLACE_EXECV=''
REPLACE_EXECVE=''
REPLACE_EXECVP=''
REPLACE_EXECVPE=''
REPLACE_EXP2=''
REPLACE_EXP2L=''
REPLACE_EXPF=''
REPLACE_EXPL=''
REPLACE_EXPM1=''
REPLACE_EXPM1F=''
REPLACE_EXPM1L=''
REPLACE_FABSL=''
REPLACE_FACCESSAT=''
REPLACE_FCHDIR=''
REPLACE_FCHMODAT=''
REPLACE_FCHOWNAT=''
REPLACE_FCLOSE=''
REPLACE_FCNTL=''
REPLACE_FDATASYNC=''
REPLACE_FDOPEN=''
REPLACE_FDOPENDIR=''
REPLACE_FFLUSH=''
REPLACE_FFSLL=''
REPLACE_FLOOR=''
REPLACE_FLOORF=''
REPLACE_FLOORL=''
REPLACE_FMA=''
REPLACE_FMAF=''
REPLACE_FMAL=''
REPLACE_FMOD=''
REPLACE_FMODF=''
REPLACE_FMODL=''
REPLACE_FNMATCH=''
REPLACE_FOPEN=''
REPLACE_FOPEN_FOR_FOPEN_GNU=''
REPLACE_FPRINTF=''
REPLACE_FPURGE=''
REPLACE_FREE=''
REPLACE_FREELOCALE=''
REPLACE_FREOPEN=''
REPLACE_FREXP=''
REPLACE_FREXPF=''
REPLACE_FREXPL=''
REPLACE_FSEEK=''
REPLACE_FSEEKO=''
REPLACE_FSTAT=''
REPLACE_FSTATAT=''
REPLACE_FTELL=''
REPLACE_FTELLO=''
REPLACE_FTRUNCATE=''
REPLACE_FUTIMENS=''
REPLACE_GAI_STRERROR=''
REPLACE_GETADDRINFO=''
REPLACE_GETCWD=''
REPLACE_GETDELIM=''
REPLACE_GETDOMAINNAME=''
REPLACE_GETDTABLESIZE=''
REPLACE_GETENTROPY=''
REPLACE_GETGROUPS=''
REPLACE_GETLINE=''
REPLACE_GETLOADAVG=''
REPLACE_GETLOGIN_R=''
REPLACE_GETPAGESIZE=''
REPLACE_GETPASS=''
REPLACE_GETPASS_FOR_GETPASS_GNU=''
REPLACE_GETPROGNAME=''
REPLACE_GETRANDOM=''
REPLACE_GETSUBOPT=''
REPLACE_GETTIMEOFDAY=''
REPLACE_GMTIME=''
REPLACE_HUGE_VAL=''
REPLACE_HYPOT=''
REPLACE_HYPOTF=''
REPLACE_HYPOTL=''
REPLACE_ICONV=''
REPLACE_ICONV_OPEN=''
REPLACE_ICONV_UTF=''
REPLACE_ILOGB=''
REPLACE_ILOGBF=''
REPLACE_ILOGBL=''
REPLACE_IMAXABS=''
REPLACE_IMAXDIV=''
REPLACE_INET_NTOP=''
REPLACE_INET_PTON=''
REPLACE_INITSTATE=''
REPLACE_IOCTL=''
REPLACE_ISATTY=''
REPLACE_ISFINITE=''
REPLACE_ISINF=''
REPLACE_ISNAN=''
REPLACE_ISWBLANK=''
REPLACE_ISWCNTRL=''
REPLACE_ISWDIGIT=''
REPLACE_ISWPUNCT=''
REPLACE_ISWXDIGIT=''
REPLACE_ITOLD=''
REPLACE_LCHOWN=''
REPLACE_LDEXP=''
REPLACE_LDEXPL=''
REPLACE_LINK=''
REPLACE_LINKAT=''
REPLACE_LOCALECONV=''
REPLACE_LOCALTIME=''
REPLACE_LOCALTIME_R=''
REPLACE_LOG10=''
REPLACE_LOG10F=''
REPLACE_LOG10L=''
REPLACE_LOG1P=''
REPLACE_LOG1PF=''
REPLACE_LOG1PL=''
REPLACE_LOG2=''
REPLACE_LOG2F=''
REPLACE_LOG2L=''
REPLACE_LOG=''
REPLACE_LOGB=''
REPLACE_LOGBF=''
REPLACE_LOGBL=''
REPLACE_LOGF=''
REPLACE_LOGL=''
REPLACE_LSEEK=''
REPLACE_LSTAT=''
REPLACE_MALLOC_FOR_MALLOC_GNU=''
REPLACE_MALLOC_FOR_MALLOC_POSIX=''
REPLACE_MBRLEN=''
REPLACE_MBRTOC16=''
REPLACE_MBRTOC32=''
REPLACE_MBRTOWC=''
REPLACE_MBSINIT=''
REPLACE_MBSNRTOWCS=''
REPLACE_MBSRTOWCS=''
REPLACE_MBSTATE_T=''
REPLACE_MBSTOWCS=''
REPLACE_MBTOWC=''
REPLACE_MB_CUR_MAX=''
REPLACE_MEMCHR=''
REPLACE_MEMMEM=''
REPLACE_MEMPCPY=''
REPLACE_MEMSET_EXPLICIT=''
REPLACE_MKDIR=''
REPLACE_MKFIFO=''
REPLACE_MKFIFOAT=''
REPLACE_MKNOD=''
REPLACE_MKNODAT=''
REPLACE_MKOSTEMP=''
REPLACE_MKOSTEMPS=''
REPLACE_MKSTEMP=''
REPLACE_MKTIME=''
REPLACE_MODF=''
REPLACE_MODFF=''
REPLACE_MODFL=''
REPLACE_NAN=''
REPLACE_NANOSLEEP=''
REPLACE_NEWLOCALE=''
REPLACE_NL_LANGINFO=''
REPLACE_NULL=''
REPLACE_OBSTACK=''
REPLACE_OBSTACK_PRINTF=''
REPLACE_OPEN=''
REPLACE_OPENAT=''
REPLACE_OPENDIR=''
REPLACE_PERROR=''
REPLACE_PIPE2=''
REPLACE_POPEN=''
REPLACE_POSIX_MEMALIGN=''
REPLACE_POSIX_OPENPT=''
REPLACE_PREAD=''
REPLACE_PRINTF=''
REPLACE_PSELECT=''
REPLACE_PTHREAD_ATTR_DESTROY=''
REPLACE_PTHREAD_ATTR_GETDETACHSTATE=''
REPLACE_PTHREAD_ATTR_INIT=''
REPLACE_PTHREAD_ATTR_SETDETACHSTATE=''
REPLACE_PTHREAD_CONDATTR_DESTROY=''
REPLACE_PTHREAD_CONDATTR_INIT=''
REPLACE_PTHREAD_COND_BROADCAST=''
REPLACE_PTHREAD_COND_DESTROY=''
REPLACE_PTHREAD_COND_INIT=''
REPLACE_PTHREAD_COND_SIGNAL=''
REPLACE_PTHREAD_COND_TIMEDWAIT=''
REPLACE_PTHREAD_COND_WAIT=''
REPLACE_PTHREAD_CREATE=''
REPLACE_PTHREAD_DETACH=''
REPLACE_PTHREAD_EQUAL=''
REPLACE_PTHREAD_EXIT=''
REPLACE_PTHREAD_GETSPECIFIC=''
REPLACE_PTHREAD_JOIN=''
REPLACE_PTHREAD_KEY_CREATE=''
REPLACE_PTHREAD_KEY_DELETE=''
REPLACE_PTHREAD_MUTEXATTR_DESTROY=''
REPLACE_PTHREAD_MUTEXATTR_GETROBUST=''
REPLACE_PTHREAD_MUTEXATTR_GETTYPE=''
REPLACE_PTHREAD_MUTEXATTR_INIT=''
REPLACE_PTHREAD_MUTEXATTR_SETROBUST=''
REPLACE_PTHREAD_MUTEXATTR_SETTYPE=''
REPLACE_PTHREAD_MUTEX_DESTROY=''
REPLACE_PTHREAD_MUTEX_INIT=''
REPLACE_PTHREAD_MUTEX_LOCK=''
REPLACE_PTHREAD_MUTEX_TIMEDLOCK=''
REPLACE_PTHREAD_MUTEX_TRYLOCK=''
REPLACE_PTHREAD_MUTEX_UNLOCK=''
REPLACE_PTHREAD_ONCE=''
REPLACE_PTHREAD_RWLOCKATTR_DESTROY=''
REPLACE_PTHREAD_RWLOCKATTR_INIT=''
REPLACE_PTHREAD_RWLOCK_DESTROY=''
REPLACE_PTHREAD_RWLOCK_INIT=''
REPLACE_PTHREAD_RWLOCK_RDLOCK=''
REPLACE_PTHREAD_RWLOCK_TIMEDRDLOCK=''
REPLACE_PTHREAD_RWLOCK_TIMEDWRLOCK=''
REPLACE_PTHREAD_RWLOCK_TRYRDLOCK=''
REPLACE_PTHREAD_RWLOCK_TRYWRLOCK=''
REPLACE_PTHREAD_RWLOCK_UNLOCK=''
REPLACE_PTHREAD_RWLOCK_WRLOCK=''
REPLACE_PTHREAD_SELF=''
REPLACE_PTHREAD_SETSPECIFIC=''
REPLACE_PTHREAD_SIGMASK=''
REPLACE_PTHREAD_SPIN_DESTROY=''
REPLACE_PTHREAD_SPIN_INIT=''
REPLACE_PTHREAD_SPIN_LOCK=''
REPLACE_PTHREAD_SPIN_TRYLOCK=''
REPLACE_PTHREAD_SPIN_UNLOCK=''
REPLACE_PTSNAME=''
REPLACE_PTSNAME_R=''
REPLACE_PUTENV=''
REPLACE_PWRITE=''
REPLACE_QSORT_R=''
REPLACE_RAISE=''
REPLACE_RAND=''
REPLACE_RANDOM=''
REPLACE_RANDOM_R=''
REPLACE_READ=''
REPLACE_READDIR=''
REPLACE_READLINK=''
REPLACE_READLINKAT=''
REPLACE_REALLOCARRAY=''
REPLACE_REALLOC_FOR_REALLOC_GNU=''
REPLACE_REALLOC_FOR_REALLOC_POSIX=''
REPLACE_REALPATH=''
REPLACE_REMAINDER=''
REPLACE_REMAINDERF=''
REPLACE_REMAINDERL=''
REPLACE_REMOVE=''
REPLACE_RENAME=''
REPLACE_RENAMEAT=''
REPLACE_REWINDDIR=''
REPLACE_RINTL=''
REPLACE_RMDIR=''
REPLACE_ROUND=''
REPLACE_ROUNDF=''
REPLACE_ROUNDL=''
REPLACE_SCHED_YIELD=''
REPLACE_SELECT=''
REPLACE_SETENV=''
REPLACE_SETHOSTNAME=''
REPLACE_SETLOCALE=''
REPLACE_SETSTATE=''
REPLACE_SIGNBIT=''
REPLACE_SIGNBIT_USING_BUILTINS=''
REPLACE_SINF=''
REPLACE_SINHF=''
REPLACE_SLEEP=''
REPLACE_SNPRINTF=''
REPLACE_SPRINTF=''
REPLACE_SQRTF=''
REPLACE_SQRTL=''
REPLACE_STAT=''
REPLACE_STDIO_READ_FUNCS=''
REPLACE_STDIO_WRITE_FUNCS=''
REPLACE_STPCPY=''
REPLACE_STPNCPY=''
REPLACE_STRCASESTR=''
REPLACE_STRCHRNUL=''
REPLACE_STRDUP=''
REPLACE_STRERROR=''
REPLACE_STRERRORNAME_NP=''
REPLACE_STRERROR_R=''
REPLACE_STRFTIME=''
REPLACE_STRNCAT=''
REPLACE_STRNDUP=''
REPLACE_STRNLEN=''
REPLACE_STRSIGNAL=''
REPLACE_STRSTR=''
REPLACE_STRTOD=''
REPLACE_STRTOF=''
REPLACE_STRTOIMAX=''
REPLACE_STRTOK_R=''
REPLACE_STRTOL=''
REPLACE_STRTOLD=''
REPLACE_STRTOLL=''
REPLACE_STRTOUL=''
REPLACE_STRTOULL=''
REPLACE_STRTOUMAX=''
REPLACE_STRUCT_LCONV=''
REPLACE_STRUCT_TIMEVAL=''
REPLACE_STRVERSCMP=''
REPLACE_SYMLINK=''
REPLACE_SYMLINKAT=''
REPLACE_TANF=''
REPLACE_TANHF=''
REPLACE_TIME=''
REPLACE_TIMEGM=''
REPLACE_TIMESPEC_GET=''
REPLACE_TIMESPEC_GETRES=''
REPLACE_TMPFILE=''
REPLACE_TOTALORDER=''
REPLACE_TOTALORDERF=''
REPLACE_TOTALORDERL=''
REPLACE_TOWLOWER=''
REPLACE_TRUNC=''
REPLACE_TRUNCATE=''
REPLACE_TRUNCF=''
REPLACE_TRUNCL=''
REPLACE_TTYNAME_R=''
REPLACE_TZSET=''
REPLACE_UNLINK=''
REPLACE_UNLINKAT=''
REPLACE_UNSETENV=''
REPLACE_USLEEP=''
REPLACE_UTIME=''
REPLACE_UTIMENSAT=''
REPLACE_VASPRINTF=''
REPLACE_VDPRINTF=''
REPLACE_VFPRINTF=''
REPLACE_VPRINTF=''
REPLACE_VSNPRINTF=''
REPLACE_VSPRINTF=''
REPLACE_WCRTOMB=''
REPLACE_WCSCMP=''
REPLACE_WCSFTIME=''
REPLACE_WCSNCMP=''
REPLACE_WCSNRTOMBS=''
REPLACE_WCSRTOMBS=''
REPLACE_WCSSTR=''
REPLACE_WCSTOK=''
REPLACE_WCSWIDTH=''
REPLACE_WCTOB=''
REPLACE_WCTOMB=''
REPLACE_WCTRANS=''
REPLACE_WCTYPE=''
REPLACE_WCWIDTH=''
REPLACE_WMEMCMP=''
REPLACE_WMEMPCPY=''
REPLACE_WRITE=''
REPLACE__EXIT=''
SCHED_YIELD_LIB=''
SED=''
SELECT_LIB=''
SELINUX_CONTEXT_H=''
SELINUX_LABEL_H=''
SEQ_LIBM=''
SERVENT_LIB=''
SETLOCALE_LIB=''
SETLOCALE_NULL_LIB=''
SET_MAKE=''
SHELL='/bin/sh'
SIG_ATOMIC_T_SUFFIX=''
SINGLE_BINARY_FALSE=''
SINGLE_BINARY_TRUE=''
SIZE_T_SUFFIX=''
SMALL_WCHAR_T=''
STDARG_H=''
STDCKDINT_H=''
STDDEF_H=''
STDINT_H=''
STRIP=''
SYSTEMD_CHOICE=''
SYS_IOCTL_H_HAVE_WINSOCK2_H=''
SYS_IOCTL_H_HAVE_WINSOCK2_H_AND_USE_SOCKETS=''
SYS_TIME_H_DEFINES_STRUCT_TIMESPEC=''
TIMER_TIME_LIB=''
TIME_H_DEFINES_STRUCT_TIMESPEC=''
TIME_H_DEFINES_TIME_UTC=''
UINT32_MAX_LT_UINTMAX_MAX=''
UINT64_MAX_EQ_ULONG_MAX=''
UNDEFINE_STRTOK_R=''
UNISTD_H_DEFINES_STRUCT_TIMESPEC=''
UNISTD_H_HAVE_SYS_RANDOM_H=''
UNISTD_H_HAVE_WINSOCK2_H=''
UNISTD_H_HAVE_WINSOCK2_H_AND_USE_SOCKETS=''
USE_ACL=''
USE_AVX2_WC_LINECOUNT_FALSE=''
USE_AVX2_WC_LINECOUNT_TRUE=''
USE_NLS=''
USE_PCLMUL_CRC32_FALSE=''
USE_PCLMUL_CRC32_TRUE=''
VERSION='9.5'
WARN_CFLAGS=''
WCHAR_T_SUFFIX=''
WERROR_CFLAGS=''
WINDOWS_64_BIT_OFF_T=''
WINDOWS_64_BIT_ST_SIZE=''
WINDOWS_STAT_INODES=''
WINDOWS_STAT_TIMESPEC=''
WINT_T_SUFFIX=''
XGETTEXT=''
XGETTEXT_015=''
XGETTEXT_EXTRA_OPTIONS=''
YACC=''
YFLAGS=''
YIELD_LIB=''
abs_aux_dir=''
ac_ct_CC='/data/data/com.termux/files/home/Oalie/bin/musl-gcc'
am__EXEEXT_FALSE=''
am__EXEEXT_TRUE=''
am__fastdepCC_FALSE=''
am__fastdepCC_TRUE=''
am__include=''
am__isrc=''
am__leading_dot='.'
am__nodep=''
am__quote=''
am__tar='$${TAR-tar} chof - "$$tardir"'
am__untar='$${TAR-tar} xf -'
bin_PROGRAMS=''
bindir='${exec_prefix}/bin'
bindir_c=''
bindir_c_make=''
build=''
build_alias=''
build_cpu=''
build_os=''
build_vendor=''
built_programs=''
datadir='${datarootdir}'
datadir_c=''
datadir_c_make=''
datarootdir='${prefix}/share'
datarootdir_c=''
datarootdir_c_make=''
docdir='${datarootdir}/doc/${PACKAGE_TARNAME}'
docdir_c=''
docdir_c_make=''
dvidir='${docdir}'
dvidir_c=''
dvidir_c_make=''
exec_prefix='NONE'
exec_prefix_c=''
exec_prefix_c_make=''
gl_LIBOBJDEPS=''
gl_LIBOBJS=''
gl_LTLIBOBJS=''
gltests_LIBOBJDEPS=''
gltests_LIBOBJS=''
gltests_LTLIBOBJS=''
gltests_WITNESS=''
host=''
host_alias=''
host_cpu=''
host_os=''
host_vendor=''
htmldir='${docdir}'
htmldir_c=''
htmldir_c_make=''
includedir='${prefix}/include'
includedir_c=''
includedir_c_make=''
infodir='${datarootdir}/info'
infodir_c=''
infodir_c_make=''
install_sh='${SHELL} /data/data/com.termux/files/home/Oalie/coreutils-9.5/coreutils-9.5/build-aux/install-sh'
libdir='${exec_prefix}/lib'
libdir_c=''
libdir_c_make=''
libexecdir='${exec_prefix}/libexec'
libexecdir_c=''
libexecdir_c_make=''
lispdir=''
lispdir_c=''
lispdir_c_make=''
localedir='${datarootdir}/locale'
localedir_c=''
localedir_c_make=''
localstatedir='${prefix}/var'
localstatedir_c=''
localstatedir_c_make=''
man1_MANS=''
mandir='${datarootdir}/man'
mandir_c=''
mandir_c_make=''
mkdir_p='$(MKDIR_P)'
oldincludedir='/usr/include'
oldincludedir_c=''
oldincludedir_c_make=''
pdfdir='${docdir}'
pdfdir_c=''
pdfdir_c_make=''
pkgdatadir=''
pkgdatadir_c=''
pkgdatadir_c_make=''
pkgincludedir=''
pkgincludedir_c=''
pkgincludedir_c_make=''
pkglibdir=''
pkglibdir_c=''
pkglibdir_c_make=''
pkglibexec_PROGRAMS=''
pkglibexecdir=''
pkglibexecdir_c=''
pkglibexecdir_c_make=''
prefix='/data/data/com.termux/files/home/Oalie'
prefix_c=''
prefix_c_make=''
program_transform_name='s,x,x,'
psdir='${docdir}'
psdir_c=''
psdir_c_make=''
runstatedir='${localstatedir}/run'
runstatedir_c=''
runstatedir_c_make=''
sbindir='${exec_prefix}/sbin'
sbindir_c=''
sbindir_c_make=''
sharedstatedir='${prefix}/com'
sharedstatedir_c=''
sharedstatedir_c_make=''
single_binary_deps=''
single_binary_install_type=''
single_binary_libs=''
single_binary_progs=''
sysconfdir='${prefix}/etc'
sysconfdir_c=''
sysconfdir_c_make=''
target_alias=''

## ----------- ##
## confdefs.h. ##
## ----------- ##

/* confdefs.h */
#define PACKAGE_NAME "GNU coreutils"
#define PACKAGE_TARNAME "coreutils"
#define PACKAGE_VERSION "9.5"
#define PACKAGE_STRING "GNU coreutils 9.5"
#define PACKAGE_BUGREPORT "bug-coreutils@gnu.org"
#define PACKAGE_URL "https://www.gnu.org/software/coreutils/"
#define PACKAGE "coreutils"
#define VERSION "9.5"

configure: exit 77
